{"numTotalTestSuites":25,"numPassedTestSuites":25,"numFailedTestSuites":0,"numPendingTestSuites":0,"numTotalTests":60,"numPassedTests":60,"numFailedTests":0,"numPendingTests":0,"numTodoTests":0,"snapshot":{"added":0,"failure":false,"filesAdded":0,"filesRemoved":0,"filesRemovedList":[],"filesUnmatched":0,"filesUpdated":0,"matched":0,"total":0,"unchecked":0,"uncheckedKeysByFile":[],"unmatched":0,"updated":0,"didUpdate":false},"startTime":1764028703151,"success":true,"testResults":[{"assertionResults":[{"ancestorTitles":["StorageService","isAvailable"],"fullName":"StorageService isAvailable should check if localStorage is available","status":"passed","title":"should check if localStorage is available","duration":3.6374000000000706,"failureMessages":[],"meta":{}},{"ancestorTitles":["StorageService","setItem and getItem"],"fullName":"StorageService setItem and getItem should store and retrieve string values","status":"passed","title":"should store and retrieve string values","duration":0.826600000000326,"failureMessages":[],"meta":{}},{"ancestorTitles":["StorageService","setItem and getItem"],"fullName":"StorageService setItem and getItem should store and retrieve objects","status":"passed","title":"should store and retrieve objects","duration":1.5140000000001237,"failureMessages":[],"meta":{}},{"ancestorTitles":["StorageService","setItem and getItem"],"fullName":"StorageService setItem and getItem should store and retrieve numbers","status":"passed","title":"should store and retrieve numbers","duration":0.4281999999998334,"failureMessages":[],"meta":{}},{"ancestorTitles":["StorageService","setItem and getItem"],"fullName":"StorageService setItem and getItem should return null for non-existent keys","status":"passed","title":"should return null for non-existent keys","duration":0.5713000000000648,"failureMessages":[],"meta":{}},{"ancestorTitles":["StorageService","setItem and getItem"],"fullName":"StorageService setItem and getItem should return default value for non-existent keys","status":"passed","title":"should return default value for non-existent keys","duration":0.3831000000000131,"failureMessages":[],"meta":{}},{"ancestorTitles":["StorageService","removeItem"],"fullName":"StorageService removeItem should remove stored item","status":"passed","title":"should remove stored item","duration":0.6209000000003471,"failureMessages":[],"meta":{}},{"ancestorTitles":["StorageService","removeItem"],"fullName":"StorageService removeItem should handle removing non-existent items","status":"passed","title":"should handle removing non-existent items","duration":1.9635000000002947,"failureMessages":[],"meta":{}},{"ancestorTitles":["StorageService","clear"],"fullName":"StorageService clear should clear all items","status":"passed","title":"should clear all items","duration":0.6159999999999854,"failureMessages":[],"meta":{}},{"ancestorTitles":["StorageService","getKeys"],"fullName":"StorageService getKeys should return array of all keys","status":"passed","title":"should return array of all keys","duration":1.6096000000002277,"failureMessages":[],"meta":{}},{"ancestorTitles":["StorageService","hasItem"],"fullName":"StorageService hasItem should check if item exists","status":"passed","title":"should check if item exists","duration":0.4398000000001048,"failureMessages":[],"meta":{}},{"ancestorTitles":["StorageService","getItemCount"],"fullName":"StorageService getItemCount should return number of stored items","status":"passed","title":"should return number of stored items","duration":0.5247999999996864,"failureMessages":[],"meta":{}},{"ancestorTitles":["StorageService","getItemsByPrefix"],"fullName":"StorageService getItemsByPrefix should retrieve items matching prefix","status":"passed","title":"should retrieve items matching prefix","duration":0.7208000000000538,"failureMessages":[],"meta":{}},{"ancestorTitles":["StorageService","removeByPrefix"],"fullName":"StorageService removeByPrefix should remove items matching prefix","status":"passed","title":"should remove items matching prefix","duration":0.6068999999997686,"failureMessages":[],"meta":{}},{"ancestorTitles":["StorageService","setItemWithTTL and getItemWithTTL"],"fullName":"StorageService setItemWithTTL and getItemWithTTL should store and retrieve items with TTL","status":"passed","title":"should store and retrieve items with TTL","duration":0.40830000000005384,"failureMessages":[],"meta":{}},{"ancestorTitles":["StorageService","setItemWithTTL and getItemWithTTL"],"fullName":"StorageService setItemWithTTL and getItemWithTTL should return null for expired items","status":"passed","title":"should return null for expired items","duration":57.064600000000155,"failureMessages":[],"meta":{}},{"ancestorTitles":["StorageService","setItemWithTTL and getItemWithTTL"],"fullName":"StorageService setItemWithTTL and getItemWithTTL should return default value for expired items","status":"passed","title":"should return default value for expired items","duration":61.96640000000025,"failureMessages":[],"meta":{}},{"ancestorTitles":["StorageService","NamespacedStorage"],"fullName":"StorageService NamespacedStorage should prefix all keys","status":"passed","title":"should prefix all keys","duration":0.5479000000000269,"failureMessages":[],"meta":{}},{"ancestorTitles":["StorageService","NamespacedStorage"],"fullName":"StorageService NamespacedStorage should isolate namespaces","status":"passed","title":"should isolate namespaces","duration":0.5070999999998094,"failureMessages":[],"meta":{}},{"ancestorTitles":["StorageService","NamespacedStorage"],"fullName":"StorageService NamespacedStorage should support clear within namespace","status":"passed","title":"should support clear within namespace","duration":0.9356999999999971,"failureMessages":[],"meta":{}},{"ancestorTitles":["StorageService","NamespacedStorage"],"fullName":"StorageService NamespacedStorage should support TTL in namespace","status":"passed","title":"should support TTL in namespace","duration":59.934200000000146,"failureMessages":[],"meta":{}},{"ancestorTitles":["StorageService","getSize"],"fullName":"StorageService getSize should calculate storage size","status":"passed","title":"should calculate storage size","duration":0.5027000000000044,"failureMessages":[],"meta":{}},{"ancestorTitles":["StorageService","getSize"],"fullName":"StorageService getSize should return 0 when localStorage is unavailable","status":"passed","title":"should return 0 when localStorage is unavailable","duration":0.3100000000004002,"failureMessages":[],"meta":{}},{"ancestorTitles":["StorageService","Error Handling"],"fullName":"StorageService Error Handling should handle QuotaExceededError gracefully","status":"passed","title":"should handle QuotaExceededError gracefully","duration":0.9052999999998974,"failureMessages":[],"meta":{}},{"ancestorTitles":["StorageService","Error Handling"],"fullName":"StorageService Error Handling should handle corrupted JSON data gracefully","status":"passed","title":"should handle corrupted JSON data gracefully","duration":0.33439999999973224,"failureMessages":[],"meta":{}},{"ancestorTitles":["StorageService","Error Handling"],"fullName":"StorageService Error Handling should handle getItem when JSON parsing fails for array-like string","status":"passed","title":"should handle getItem when JSON parsing fails for array-like string","duration":0.3269000000000233,"failureMessages":[],"meta":{}},{"ancestorTitles":["StorageService","Error Handling"],"fullName":"StorageService Error Handling should handle getItemWithTTL with invalid data structure","status":"passed","title":"should handle getItemWithTTL with invalid data structure","duration":0.3408999999996922,"failureMessages":[],"meta":{}},{"ancestorTitles":["StorageService","Error Handling"],"fullName":"StorageService Error Handling should handle getItemWithTTL with missing expiresAt","status":"passed","title":"should handle getItemWithTTL with missing expiresAt","duration":0.3227999999999156,"failureMessages":[],"meta":{}},{"ancestorTitles":["StorageService","Error Handling"],"fullName":"StorageService Error Handling should handle getItemWithTTL with missing value","status":"passed","title":"should handle getItemWithTTL with missing value","duration":0.3680999999996857,"failureMessages":[],"meta":{}},{"ancestorTitles":["StorageService","Concurrent Operations"],"fullName":"StorageService Concurrent Operations should handle concurrent reads","status":"passed","title":"should handle concurrent reads","duration":0.8184999999998581,"failureMessages":[],"meta":{}},{"ancestorTitles":["StorageService","Concurrent Operations"],"fullName":"StorageService Concurrent Operations should handle concurrent writes","status":"passed","title":"should handle concurrent writes","duration":1.4592999999999847,"failureMessages":[],"meta":{}},{"ancestorTitles":["StorageService","Concurrent Operations"],"fullName":"StorageService Concurrent Operations should handle read while write","status":"passed","title":"should handle read while write","duration":0.43280000000004293,"failureMessages":[],"meta":{}},{"ancestorTitles":["StorageService","Large Dataset Performance"],"fullName":"StorageService Large Dataset Performance should handle large number of items","status":"passed","title":"should handle large number of items","duration":6.648599999999988,"failureMessages":[],"meta":{}},{"ancestorTitles":["StorageService","Large Dataset Performance"],"fullName":"StorageService Large Dataset Performance should handle large item values","status":"passed","title":"should handle large item values","duration":0.43100000000004,"failureMessages":[],"meta":{}},{"ancestorTitles":["StorageService","Large Dataset Performance"],"fullName":"StorageService Large Dataset Performance should handle large objects","status":"passed","title":"should handle large objects","duration":12.615299999999934,"failureMessages":[],"meta":{}},{"ancestorTitles":["StorageService","NamespacedStorage Additional"],"fullName":"StorageService NamespacedStorage Additional should support getAll method","status":"passed","title":"should support getAll method","duration":0.6302999999998065,"failureMessages":[],"meta":{}},{"ancestorTitles":["StorageService","NamespacedStorage Additional"],"fullName":"StorageService NamespacedStorage Additional should handle getAll with objects","status":"passed","title":"should handle getAll with objects","duration":0.664600000000064,"failureMessages":[],"meta":{}},{"ancestorTitles":["StorageService","getItemsByPrefix Edge Cases"],"fullName":"StorageService getItemsByPrefix Edge Cases should handle corrupted JSON in prefixed items","status":"passed","title":"should handle corrupted JSON in prefixed items","duration":0.3328000000001339,"failureMessages":[],"meta":{}},{"ancestorTitles":["StorageService","getItemsByPrefix Edge Cases"],"fullName":"StorageService getItemsByPrefix Edge Cases should return empty object when no items match prefix","status":"passed","title":"should return empty object when no items match prefix","duration":0.28900000000021464,"failureMessages":[],"meta":{}},{"ancestorTitles":["StorageService","Unavailable localStorage"],"fullName":"StorageService Unavailable localStorage should handle all operations when localStorage is unavailable","status":"passed","title":"should handle all operations when localStorage is unavailable","duration":3.0010000000002037,"failureMessages":[],"meta":{}},{"ancestorTitles":["StorageService","Error Path Coverage"],"fullName":"StorageService Error Path Coverage should handle localStorage.key() throwing error in getKeys()","status":"passed","title":"should handle localStorage.key() throwing error in getKeys()","duration":0.2699000000002343,"failureMessages":[],"meta":{}},{"ancestorTitles":["StorageService","Error Path Coverage"],"fullName":"StorageService Error Path Coverage should handle error during getItemsByPrefix iteration","status":"passed","title":"should handle error during getItemsByPrefix iteration","duration":0.26110000000016953,"failureMessages":[],"meta":{}},{"ancestorTitles":["StorageService","Error Path Coverage"],"fullName":"StorageService Error Path Coverage should handle error in hasItem()","status":"passed","title":"should handle error in hasItem()","duration":0.2519999999999527,"failureMessages":[],"meta":{}},{"ancestorTitles":["StorageService","Error Path Coverage"],"fullName":"StorageService Error Path Coverage should handle error during getSize() calculation","status":"passed","title":"should handle error during getSize() calculation","duration":0.3524999999999636,"failureMessages":[],"meta":{}},{"ancestorTitles":["StorageService","Error Path Coverage"],"fullName":"StorageService Error Path Coverage should handle error in getItemCount()","status":"passed","title":"should handle error in getItemCount()","duration":0.3643000000001848,"failureMessages":[],"meta":{}},{"ancestorTitles":["StorageService","Error Path Coverage"],"fullName":"StorageService Error Path Coverage should handle error during removeByPrefix iteration","status":"passed","title":"should handle error during removeByPrefix iteration","duration":13.725300000000061,"failureMessages":[],"meta":{}},{"ancestorTitles":["StorageService","TTL Error Handling"],"fullName":"StorageService TTL Error Handling should handle error in setItemWithTTL","status":"passed","title":"should handle error in setItemWithTTL","duration":1.219499999999698,"failureMessages":[],"meta":{}},{"ancestorTitles":["StorageService","TTL Error Handling"],"fullName":"StorageService TTL Error Handling should handle error when getItemWithTTL throws","status":"passed","title":"should handle error when getItemWithTTL throws","duration":0.779399999999896,"failureMessages":[],"meta":{}},{"ancestorTitles":["StorageService","TTL Error Handling"],"fullName":"StorageService TTL Error Handling should handle null data in getItemWithTTL","status":"passed","title":"should handle null data in getItemWithTTL","duration":0.21909999999979846,"failureMessages":[],"meta":{}},{"ancestorTitles":["StorageService","NamespacedStorage Error Handling"],"fullName":"StorageService NamespacedStorage Error Handling should handle hasItem when localStorage is unavailable","status":"passed","title":"should handle hasItem when localStorage is unavailable","duration":0.28090000000020154,"failureMessages":[],"meta":{}},{"ancestorTitles":["StorageService","NamespacedStorage Error Handling"],"fullName":"StorageService NamespacedStorage Error Handling should handle getAll with empty results","status":"passed","title":"should handle getAll with empty results","duration":0.31950000000006185,"failureMessages":[],"meta":{}},{"ancestorTitles":["StorageService","NamespacedStorage Error Handling"],"fullName":"StorageService NamespacedStorage Error Handling should handle clear with no matching keys","status":"passed","title":"should handle clear with no matching keys","duration":0.3253000000004249,"failureMessages":[],"meta":{}},{"ancestorTitles":["StorageService","NamespacedStorage Error Handling"],"fullName":"StorageService NamespacedStorage Error Handling should handle quota exceeded in namespace","status":"passed","title":"should handle quota exceeded in namespace","duration":0.39789999999993597,"failureMessages":[],"meta":{}},{"ancestorTitles":["StorageService","NamespacedStorage Error Handling"],"fullName":"StorageService NamespacedStorage Error Handling should handle TTL in namespace with error","status":"passed","title":"should handle TTL in namespace with error","duration":0.47379999999975553,"failureMessages":[],"meta":{}},{"ancestorTitles":["StorageService","Advanced Concurrent Operations"],"fullName":"StorageService Advanced Concurrent Operations should handle simultaneous reads to same key","status":"passed","title":"should handle simultaneous reads to same key","duration":1.2298000000000684,"failureMessages":[],"meta":{}},{"ancestorTitles":["StorageService","Advanced Concurrent Operations"],"fullName":"StorageService Advanced Concurrent Operations should handle simultaneous writes to same key","status":"passed","title":"should handle simultaneous writes to same key","duration":0.9139999999997599,"failureMessages":[],"meta":{}},{"ancestorTitles":["StorageService","Advanced Concurrent Operations"],"fullName":"StorageService Advanced Concurrent Operations should handle namespace isolation under concurrent access","status":"passed","title":"should handle namespace isolation under concurrent access","duration":0.8647999999998319,"failureMessages":[],"meta":{}},{"ancestorTitles":["StorageService","Large Dataset Edge Cases"],"fullName":"StorageService Large Dataset Edge Cases should handle getItemsByPrefix with large result set","status":"passed","title":"should handle getItemsByPrefix with large result set","duration":2.44380000000001,"failureMessages":[],"meta":{}},{"ancestorTitles":["StorageService","Large Dataset Edge Cases"],"fullName":"StorageService Large Dataset Edge Cases should handle removeByPrefix with large number of items","status":"passed","title":"should handle removeByPrefix with large number of items","duration":2.028799999999592,"failureMessages":[],"meta":{}},{"ancestorTitles":["StorageService","Large Dataset Edge Cases"],"fullName":"StorageService Large Dataset Edge Cases should calculate size correctly with large data","status":"passed","title":"should calculate size correctly with large data","duration":0.3781000000003587,"failureMessages":[],"meta":{}}],"startTime":1764029147410,"endTime":1764029147665.3782,"status":"passed","message":"","name":"C:/Users/DrawF/OneDrive/Projects/CodingProjects/XIVProjects/XIVDyeTools/src/services/__tests__/storage-service.test.ts"}],"coverageMap":{"C:\\Users\\DrawF\\OneDrive\\Projects\\CodingProjects\\XIVProjects\\XIVDyeTools\\src\\shared\\types.ts":{"path":"C:\\Users\\DrawF\\OneDrive\\Projects\\CodingProjects\\XIVProjects\\XIVDyeTools\\src\\shared\\types.ts","statementMap":{"0":{"start":{"line":44,"column":2},"end":{"line":44,"column":null}},"1":{"start":{"line":265,"column":4},"end":{"line":265,"column":null}},"2":{"start":{"line":261,"column":11},"end":{"line":261,"column":null}},"3":{"start":{"line":263,"column":11},"end":{"line":263,"column":37}},"4":{"start":{"line":266,"column":4},"end":{"line":266,"column":null}},"5":{"start":{"line":267,"column":4},"end":{"line":267,"column":null}},"6":{"start":{"line":271,"column":4},"end":{"line":277,"column":null}},"7":{"start":{"line":284,"column":7},"end":{"line":284,"column":null}},"8":{"start":{"line":285,"column":2},"end":{"line":285,"column":null}},"9":{"start":{"line":286,"column":2},"end":{"line":286,"column":null}},"10":{"start":{"line":287,"column":2},"end":{"line":287,"column":null}},"11":{"start":{"line":288,"column":2},"end":{"line":288,"column":null}},"12":{"start":{"line":289,"column":2},"end":{"line":289,"column":null}},"13":{"start":{"line":290,"column":2},"end":{"line":290,"column":null}},"14":{"start":{"line":291,"column":2},"end":{"line":291,"column":null}},"15":{"start":{"line":292,"column":2},"end":{"line":292,"column":null}},"16":{"start":{"line":293,"column":2},"end":{"line":293,"column":null}},"17":{"start":{"line":294,"column":2},"end":{"line":294,"column":null}},"18":{"start":{"line":284,"column":12},"end":{"line":284,"column":null}}},"fnMap":{"0":{"name":"createHexColor","decl":{"start":{"line":43,"column":16},"end":{"line":43,"column":31}},"loc":{"start":{"line":43,"column":54},"end":{"line":45,"column":null}},"line":43},"1":{"name":"(anonymous_1)","decl":{"start":{"line":260,"column":2},"end":{"line":260,"column":null}},"loc":{"start":{"line":264,"column":4},"end":{"line":268,"column":null}},"line":264},"2":{"name":"(anonymous_2)","decl":{"start":{"line":270,"column":2},"end":{"line":270,"column":36}},"loc":{"start":{"line":270,"column":36},"end":{"line":278,"column":null}},"line":270},"3":{"name":"(anonymous_3)","decl":{"start":{"line":284,"column":7},"end":{"line":284,"column":12}},"loc":{"start":{"line":284,"column":7},"end":{"line":284,"column":null}},"line":284}},"branchMap":{"0":{"loc":{"start":{"line":263,"column":11},"end":{"line":263,"column":null}},"type":"default-arg","locations":[{"start":{"line":263,"column":37},"end":{"line":263,"column":null}}],"line":263},"1":{"loc":{"start":{"line":284,"column":12},"end":{"line":284,"column":null}},"type":"binary-expr","locations":[{"start":{"line":284,"column":12},"end":{"line":284,"column":null}},{"start":{"line":284,"column":12},"end":{"line":284,"column":null}}],"line":284}},"s":{"0":0,"1":0,"2":0,"3":0,"4":0,"5":0,"6":0,"7":1,"8":1,"9":1,"10":1,"11":1,"12":1,"13":1,"14":1,"15":1,"16":1,"17":1,"18":1},"f":{"0":0,"1":0,"2":0,"3":1},"b":{"0":[0],"1":[1,1]},"meta":{"lastBranch":2,"lastFunction":4,"lastStatement":19,"seen":{"f:43:16:43:31":0,"s:44:2:44:Infinity":0,"f:260:2:260:Infinity":1,"b:263:37:263:Infinity":0,"s:265:4:265:Infinity":1,"s:261:11:261:Infinity":2,"s:263:11:263:37":3,"s:266:4:266:Infinity":4,"s:267:4:267:Infinity":5,"f:270:2:270:36":2,"s:271:4:277:Infinity":6,"s:284:7:284:Infinity":7,"f:284:7:284:12":3,"s:285:2:285:Infinity":8,"s:286:2:286:Infinity":9,"s:287:2:287:Infinity":10,"s:288:2:288:Infinity":11,"s:289:2:289:Infinity":12,"s:290:2:290:Infinity":13,"s:291:2:291:Infinity":14,"s:292:2:292:Infinity":15,"s:293:2:293:Infinity":16,"s:294:2:294:Infinity":17,"s:284:12:284:Infinity":18,"b:284:12:284:Infinity:284:12:284:Infinity":1}}},"C:\\Users\\DrawF\\OneDrive\\Projects\\CodingProjects\\XIVProjects\\XIVDyeTools\\src\\shared\\constants.ts":{"path":"C:\\Users\\DrawF\\OneDrive\\Projects\\CodingProjects\\XIVProjects\\XIVDyeTools\\src\\shared\\constants.ts","statementMap":{"0":{"start":{"line":16,"column":24},"end":{"line":16,"column":null}},"1":{"start":{"line":17,"column":27},"end":{"line":17,"column":null}},"2":{"start":{"line":19,"column":2},"end":{"line":19,"column":null}},"3":{"start":{"line":25,"column":32},"end":{"line":25,"column":null}},"4":{"start":{"line":26,"column":39},"end":{"line":26,"column":null}},"5":{"start":{"line":27,"column":45},"end":{"line":27,"column":null}},"6":{"start":{"line":34,"column":32},"end":{"line":66,"column":null}},"7":{"start":{"line":72,"column":49},"end":{"line":83,"column":null}},"8":{"start":{"line":85,"column":27},"end":{"line":85,"column":null}},"9":{"start":{"line":87,"column":40},"end":{"line":87,"column":null}},"10":{"start":{"line":92,"column":62},"end":{"line":103,"column":null}},"11":{"start":{"line":109,"column":51},"end":{"line":115,"column":null}},"12":{"start":{"line":117,"column":62},"end":{"line":123,"column":null}},"13":{"start":{"line":133,"column":52},"end":{"line":154,"column":null}},"14":{"start":{"line":160,"column":30},"end":{"line":160,"column":null}},"15":{"start":{"line":162,"column":28},"end":{"line":173,"column":null}},"16":{"start":{"line":179,"column":36},"end":{"line":179,"column":null}},"17":{"start":{"line":180,"column":39},"end":{"line":180,"column":null}},"18":{"start":{"line":181,"column":43},"end":{"line":181,"column":null}},"19":{"start":{"line":182,"column":43},"end":{"line":182,"column":null}},"20":{"start":{"line":187,"column":29},"end":{"line":187,"column":null}},"21":{"start":{"line":188,"column":34},"end":{"line":188,"column":null}},"22":{"start":{"line":189,"column":33},"end":{"line":189,"column":null}},"23":{"start":{"line":190,"column":37},"end":{"line":190,"column":null}},"24":{"start":{"line":191,"column":36},"end":{"line":191,"column":null}},"25":{"start":{"line":200,"column":23},"end":{"line":200,"column":null}},"26":{"start":{"line":201,"column":23},"end":{"line":201,"column":null}},"27":{"start":{"line":206,"column":23},"end":{"line":206,"column":null}},"28":{"start":{"line":207,"column":23},"end":{"line":207,"column":null}},"29":{"start":{"line":208,"column":30},"end":{"line":208,"column":null}},"30":{"start":{"line":209,"column":30},"end":{"line":209,"column":null}},"31":{"start":{"line":210,"column":25},"end":{"line":210,"column":null}},"32":{"start":{"line":211,"column":25},"end":{"line":211,"column":null}},"33":{"start":{"line":216,"column":34},"end":{"line":216,"column":null}},"34":{"start":{"line":225,"column":31},"end":{"line":225,"column":null}},"35":{"start":{"line":226,"column":31},"end":{"line":226,"column":null}},"36":{"start":{"line":227,"column":35},"end":{"line":227,"column":null}},"37":{"start":{"line":232,"column":24},"end":{"line":232,"column":null}},"38":{"start":{"line":233,"column":24},"end":{"line":233,"column":null}},"39":{"start":{"line":234,"column":28},"end":{"line":234,"column":null}},"40":{"start":{"line":235,"column":25},"end":{"line":235,"column":null}},"41":{"start":{"line":240,"column":27},"end":{"line":240,"column":null}},"42":{"start":{"line":241,"column":28},"end":{"line":241,"column":null}},"43":{"start":{"line":242,"column":42},"end":{"line":242,"column":null}},"44":{"start":{"line":247,"column":34},"end":{"line":247,"column":null}},"45":{"start":{"line":248,"column":36},"end":{"line":248,"column":null}},"46":{"start":{"line":249,"column":36},"end":{"line":249,"column":null}},"47":{"start":{"line":254,"column":35},"end":{"line":254,"column":null}},"48":{"start":{"line":259,"column":38},"end":{"line":259,"column":null}},"49":{"start":{"line":264,"column":34},"end":{"line":264,"column":null}},"50":{"start":{"line":265,"column":34},"end":{"line":265,"column":null}},"51":{"start":{"line":266,"column":38},"end":{"line":266,"column":null}},"52":{"start":{"line":271,"column":33},"end":{"line":271,"column":null}},"53":{"start":{"line":277,"column":34},"end":{"line":282,"column":null}},"54":{"start":{"line":288,"column":30},"end":{"line":300,"column":null}},"55":{"start":{"line":306,"column":32},"end":{"line":311,"column":null}},"56":{"start":{"line":320,"column":29},"end":{"line":328,"column":null}},"57":{"start":{"line":337,"column":24},"end":{"line":343,"column":null}},"58":{"start":{"line":349,"column":31},"end":{"line":354,"column":null}},"59":{"start":{"line":360,"column":35},"end":{"line":364,"column":null}}},"fnMap":{},"branchMap":{},"s":{"0":1,"1":1,"2":1,"3":1,"4":1,"5":1,"6":1,"7":1,"8":1,"9":1,"10":1,"11":1,"12":1,"13":1,"14":1,"15":1,"16":1,"17":1,"18":1,"19":1,"20":1,"21":1,"22":1,"23":1,"24":1,"25":1,"26":1,"27":1,"28":1,"29":1,"30":1,"31":1,"32":1,"33":1,"34":1,"35":1,"36":1,"37":1,"38":1,"39":1,"40":1,"41":1,"42":1,"43":1,"44":1,"45":1,"46":1,"47":1,"48":1,"49":1,"50":1,"51":1,"52":1,"53":1,"54":1,"55":1,"56":1,"57":1,"58":1,"59":1},"f":{},"b":{},"meta":{"lastBranch":0,"lastFunction":0,"lastStatement":60,"seen":{"s:16:24:16:Infinity":0,"s:17:27:17:Infinity":1,"s:19:2:19:Infinity":2,"s:25:32:25:Infinity":3,"s:26:39:26:Infinity":4,"s:27:45:27:Infinity":5,"s:34:32:66:Infinity":6,"s:72:49:83:Infinity":7,"s:85:27:85:Infinity":8,"s:87:40:87:Infinity":9,"s:92:62:103:Infinity":10,"s:109:51:115:Infinity":11,"s:117:62:123:Infinity":12,"s:133:52:154:Infinity":13,"s:160:30:160:Infinity":14,"s:162:28:173:Infinity":15,"s:179:36:179:Infinity":16,"s:180:39:180:Infinity":17,"s:181:43:181:Infinity":18,"s:182:43:182:Infinity":19,"s:187:29:187:Infinity":20,"s:188:34:188:Infinity":21,"s:189:33:189:Infinity":22,"s:190:37:190:Infinity":23,"s:191:36:191:Infinity":24,"s:200:23:200:Infinity":25,"s:201:23:201:Infinity":26,"s:206:23:206:Infinity":27,"s:207:23:207:Infinity":28,"s:208:30:208:Infinity":29,"s:209:30:209:Infinity":30,"s:210:25:210:Infinity":31,"s:211:25:211:Infinity":32,"s:216:34:216:Infinity":33,"s:225:31:225:Infinity":34,"s:226:31:226:Infinity":35,"s:227:35:227:Infinity":36,"s:232:24:232:Infinity":37,"s:233:24:233:Infinity":38,"s:234:28:234:Infinity":39,"s:235:25:235:Infinity":40,"s:240:27:240:Infinity":41,"s:241:28:241:Infinity":42,"s:242:42:242:Infinity":43,"s:247:34:247:Infinity":44,"s:248:36:248:Infinity":45,"s:249:36:249:Infinity":46,"s:254:35:254:Infinity":47,"s:259:38:259:Infinity":48,"s:264:34:264:Infinity":49,"s:265:34:265:Infinity":50,"s:266:38:266:Infinity":51,"s:271:33:271:Infinity":52,"s:277:34:282:Infinity":53,"s:288:30:300:Infinity":54,"s:306:32:311:Infinity":55,"s:320:29:328:Infinity":56,"s:337:24:343:Infinity":57,"s:349:31:354:Infinity":58,"s:360:35:364:Infinity":59}}},"C:\\Users\\DrawF\\OneDrive\\Projects\\CodingProjects\\XIVProjects\\XIVDyeTools\\src\\shared\\logger.ts":{"path":"C:\\Users\\DrawF\\OneDrive\\Projects\\CodingProjects\\XIVProjects\\XIVDyeTools\\src\\shared\\logger.ts","statementMap":{"0":{"start":{"line":20,"column":14},"end":{"line":27,"column":null}},"1":{"start":{"line":21,"column":2},"end":{"line":23,"column":null}},"2":{"start":{"line":22,"column":4},"end":{"line":22,"column":null}},"3":{"start":{"line":25,"column":15},"end":{"line":25,"column":null}},"4":{"start":{"line":26,"column":2},"end":{"line":26,"column":null}},"5":{"start":{"line":32,"column":15},"end":{"line":38,"column":null}},"6":{"start":{"line":33,"column":2},"end":{"line":35,"column":null}},"7":{"start":{"line":34,"column":4},"end":{"line":34,"column":null}},"8":{"start":{"line":36,"column":15},"end":{"line":36,"column":null}},"9":{"start":{"line":37,"column":2},"end":{"line":37,"column":null}},"10":{"start":{"line":61,"column":40},"end":{"line":61,"column":null}},"11":{"start":{"line":78,"column":2},"end":{"line":78,"column":null}},"12":{"start":{"line":79,"column":2},"end":{"line":79,"column":null}},"13":{"start":{"line":99,"column":47},"end":{"line":99,"column":null}},"14":{"start":{"line":100,"column":42},"end":{"line":100,"column":null}},"15":{"start":{"line":105,"column":20},"end":{"line":262,"column":null}},"16":{"start":{"line":111,"column":4},"end":{"line":111,"column":null}},"17":{"start":{"line":120,"column":22},"end":{"line":120,"column":null}},"18":{"start":{"line":121,"column":4},"end":{"line":124,"column":null}},"19":{"start":{"line":122,"column":6},"end":{"line":122,"column":null}},"20":{"start":{"line":123,"column":6},"end":{"line":123,"column":null}},"21":{"start":{"line":126,"column":21},"end":{"line":126,"column":null}},"22":{"start":{"line":127,"column":4},"end":{"line":127,"column":null}},"23":{"start":{"line":130,"column":4},"end":{"line":138,"column":null}},"24":{"start":{"line":131,"column":6},"end":{"line":137,"column":null}},"25":{"start":{"line":140,"column":19},"end":{"line":140,"column":null}},"26":{"start":{"line":141,"column":4},"end":{"line":141,"column":null}},"27":{"start":{"line":142,"column":4},"end":{"line":142,"column":null}},"28":{"start":{"line":143,"column":4},"end":{"line":143,"column":null}},"29":{"start":{"line":144,"column":4},"end":{"line":144,"column":null}},"30":{"start":{"line":145,"column":4},"end":{"line":145,"column":null}},"31":{"start":{"line":147,"column":4},"end":{"line":149,"column":null}},"32":{"start":{"line":148,"column":6},"end":{"line":148,"column":null}},"33":{"start":{"line":151,"column":4},"end":{"line":151,"column":null}},"34":{"start":{"line":161,"column":4},"end":{"line":161,"column":null}},"35":{"start":{"line":162,"column":4},"end":{"line":166,"column":null}},"36":{"start":{"line":163,"column":6},"end":{"line":163,"column":null}},"37":{"start":{"line":165,"column":6},"end":{"line":165,"column":null}},"38":{"start":{"line":176,"column":4},"end":{"line":176,"column":null}},"39":{"start":{"line":177,"column":4},"end":{"line":181,"column":null}},"40":{"start":{"line":178,"column":6},"end":{"line":178,"column":null}},"41":{"start":{"line":180,"column":6},"end":{"line":180,"column":null}},"42":{"start":{"line":191,"column":19},"end":{"line":191,"column":null}},"43":{"start":{"line":192,"column":4},"end":{"line":192,"column":null}},"44":{"start":{"line":192,"column":17},"end":{"line":192,"column":null}},"45":{"start":{"line":194,"column":4},"end":{"line":200,"column":null}},"46":{"start":{"line":213,"column":8},"end":{"line":213,"column":null}},"47":{"start":{"line":215,"column":4},"end":{"line":223,"column":null}},"48":{"start":{"line":216,"column":6},"end":{"line":222,"column":null}},"49":{"start":{"line":225,"column":4},"end":{"line":225,"column":null}},"50":{"start":{"line":232,"column":4},"end":{"line":232,"column":null}},"51":{"start":{"line":232,"column":18},"end":{"line":232,"column":null}},"52":{"start":{"line":234,"column":20},"end":{"line":234,"column":null}},"53":{"start":{"line":235,"column":20},"end":{"line":235,"column":null}},"54":{"start":{"line":237,"column":4},"end":{"line":240,"column":null}},"55":{"start":{"line":238,"column":6},"end":{"line":238,"column":null}},"56":{"start":{"line":239,"column":6},"end":{"line":239,"column":null}},"57":{"start":{"line":242,"column":4},"end":{"line":242,"column":null}},"58":{"start":{"line":243,"column":4},"end":{"line":249,"column":null}},"59":{"start":{"line":244,"column":6},"end":{"line":248,"column":null}},"60":{"start":{"line":250,"column":4},"end":{"line":250,"column":null}},"61":{"start":{"line":257,"column":4},"end":{"line":259,"column":null}},"62":{"start":{"line":258,"column":6},"end":{"line":258,"column":null}},"63":{"start":{"line":260,"column":4},"end":{"line":260,"column":null}},"64":{"start":{"line":271,"column":22},"end":{"line":361,"column":null}},"65":{"start":{"line":276,"column":4},"end":{"line":278,"column":null}},"66":{"start":{"line":277,"column":6},"end":{"line":277,"column":null}},"67":{"start":{"line":285,"column":4},"end":{"line":287,"column":null}},"68":{"start":{"line":286,"column":6},"end":{"line":286,"column":null}},"69":{"start":{"line":294,"column":4},"end":{"line":296,"column":null}},"70":{"start":{"line":295,"column":6},"end":{"line":295,"column":null}},"71":{"start":{"line":299,"column":4},"end":{"line":302,"column":null}},"72":{"start":{"line":300,"column":22},"end":{"line":300,"column":null}},"73":{"start":{"line":300,"column":40},"end":{"line":300,"column":51}},"74":{"start":{"line":301,"column":6},"end":{"line":301,"column":null}},"75":{"start":{"line":310,"column":4},"end":{"line":310,"column":null}},"76":{"start":{"line":313,"column":4},"end":{"line":323,"column":null}},"77":{"start":{"line":314,"column":23},"end":{"line":314,"column":null}},"78":{"start":{"line":315,"column":6},"end":{"line":322,"column":null}},"79":{"start":{"line":316,"column":8},"end":{"line":318,"column":null}},"80":{"start":{"line":320,"column":24},"end":{"line":320,"column":null}},"81":{"start":{"line":320,"column":42},"end":{"line":320,"column":53}},"82":{"start":{"line":321,"column":8},"end":{"line":321,"column":null}},"83":{"start":{"line":330,"column":4},"end":{"line":332,"column":null}},"84":{"start":{"line":331,"column":6},"end":{"line":331,"column":null}},"85":{"start":{"line":339,"column":4},"end":{"line":341,"column":null}},"86":{"start":{"line":340,"column":6},"end":{"line":340,"column":null}},"87":{"start":{"line":348,"column":4},"end":{"line":350,"column":null}},"88":{"start":{"line":349,"column":6},"end":{"line":349,"column":null}},"89":{"start":{"line":357,"column":4},"end":{"line":359,"column":null}},"90":{"start":{"line":358,"column":6},"end":{"line":358,"column":null}}},"fnMap":{"0":{"name":"(anonymous_0)","decl":{"start":{"line":20,"column":14},"end":{"line":20,"column":29}},"loc":{"start":{"line":20,"column":29},"end":{"line":27,"column":null}},"line":20},"1":{"name":"(anonymous_1)","decl":{"start":{"line":32,"column":15},"end":{"line":32,"column":30}},"loc":{"start":{"line":32,"column":30},"end":{"line":38,"column":null}},"line":32},"2":{"name":"initErrorTracking","decl":{"start":{"line":77,"column":16},"end":{"line":77,"column":34}},"loc":{"start":{"line":77,"column":63},"end":{"line":80,"column":null}},"line":77},"3":{"name":"(anonymous_3)","decl":{"start":{"line":110,"column":2},"end":{"line":110,"column":8}},"loc":{"start":{"line":110,"column":29},"end":{"line":112,"column":null}},"line":110},"4":{"name":"(anonymous_4)","decl":{"start":{"line":119,"column":2},"end":{"line":119,"column":6}},"loc":{"start":{"line":119,"column":29},"end":{"line":152,"column":null}},"line":119},"5":{"name":"(anonymous_5)","decl":{"start":{"line":160,"column":8},"end":{"line":160,"column":19}},"loc":{"start":{"line":160,"column":68},"end":{"line":167,"column":null}},"line":160},"6":{"name":"(anonymous_6)","decl":{"start":{"line":175,"column":2},"end":{"line":175,"column":17}},"loc":{"start":{"line":175,"column":48},"end":{"line":182,"column":null}},"line":175},"7":{"name":"(anonymous_7)","decl":{"start":{"line":188,"column":2},"end":{"line":188,"column":null}},"loc":{"start":{"line":190,"column":99},"end":{"line":201,"column":null}},"line":190},"8":{"name":"(anonymous_8)","decl":{"start":{"line":206,"column":2},"end":{"line":206,"column":null}},"loc":{"start":{"line":209,"column":4},"end":{"line":226,"column":null}},"line":209},"9":{"name":"(anonymous_9)","decl":{"start":{"line":231,"column":2},"end":{"line":231,"column":21}},"loc":{"start":{"line":231,"column":21},"end":{"line":251,"column":null}},"line":231},"10":{"name":"(anonymous_10)","decl":{"start":{"line":256,"column":2},"end":{"line":256,"column":23}},"loc":{"start":{"line":256,"column":23},"end":{"line":261,"column":null}},"line":256},"11":{"name":"(anonymous_11)","decl":{"start":{"line":275,"column":2},"end":{"line":275,"column":11}},"loc":{"start":{"line":275,"column":34},"end":{"line":279,"column":null}},"line":275},"12":{"name":"(anonymous_12)","decl":{"start":{"line":284,"column":2},"end":{"line":284,"column":10}},"loc":{"start":{"line":284,"column":33},"end":{"line":288,"column":null}},"line":284},"13":{"name":"(anonymous_13)","decl":{"start":{"line":293,"column":2},"end":{"line":293,"column":10}},"loc":{"start":{"line":293,"column":33},"end":{"line":303,"column":null}},"line":293},"14":{"name":"(anonymous_14)","decl":{"start":{"line":300,"column":31},"end":{"line":300,"column":32}},"loc":{"start":{"line":300,"column":40},"end":{"line":300,"column":51}},"line":300},"15":{"name":"(anonymous_15)","decl":{"start":{"line":308,"column":2},"end":{"line":308,"column":11}},"loc":{"start":{"line":308,"column":34},"end":{"line":324,"column":null}},"line":308},"16":{"name":"(anonymous_16)","decl":{"start":{"line":320,"column":33},"end":{"line":320,"column":34}},"loc":{"start":{"line":320,"column":42},"end":{"line":320,"column":53}},"line":320},"17":{"name":"(anonymous_17)","decl":{"start":{"line":329,"column":2},"end":{"line":329,"column":9}},"loc":{"start":{"line":329,"column":32},"end":{"line":333,"column":null}},"line":329},"18":{"name":"(anonymous_18)","decl":{"start":{"line":338,"column":2},"end":{"line":338,"column":8}},"loc":{"start":{"line":338,"column":29},"end":{"line":342,"column":null}},"line":338},"19":{"name":"(anonymous_19)","decl":{"start":{"line":347,"column":2},"end":{"line":347,"column":19}},"loc":{"start":{"line":347,"column":19},"end":{"line":351,"column":null}},"line":347},"20":{"name":"(anonymous_20)","decl":{"start":{"line":356,"column":2},"end":{"line":356,"column":8}},"loc":{"start":{"line":356,"column":29},"end":{"line":360,"column":null}},"line":356}},"branchMap":{"0":{"loc":{"start":{"line":21,"column":2},"end":{"line":23,"column":null}},"type":"if","locations":[{"start":{"line":21,"column":2},"end":{"line":23,"column":null}},{"start":{},"end":{}}],"line":21},"1":{"loc":{"start":{"line":33,"column":2},"end":{"line":35,"column":null}},"type":"if","locations":[{"start":{"line":33,"column":2},"end":{"line":35,"column":null}},{"start":{},"end":{}}],"line":33},"2":{"loc":{"start":{"line":121,"column":4},"end":{"line":124,"column":null}},"type":"if","locations":[{"start":{"line":121,"column":4},"end":{"line":124,"column":null}},{"start":{},"end":{}}],"line":121},"3":{"loc":{"start":{"line":130,"column":4},"end":{"line":138,"column":null}},"type":"if","locations":[{"start":{"line":130,"column":4},"end":{"line":138,"column":null}},{"start":{},"end":{}}],"line":130},"4":{"loc":{"start":{"line":147,"column":4},"end":{"line":149,"column":null}},"type":"if","locations":[{"start":{"line":147,"column":4},"end":{"line":149,"column":null}},{"start":{},"end":{}}],"line":147},"5":{"loc":{"start":{"line":192,"column":4},"end":{"line":192,"column":null}},"type":"if","locations":[{"start":{"line":192,"column":4},"end":{"line":192,"column":null}},{"start":{},"end":{}}],"line":192},"6":{"loc":{"start":{"line":196,"column":15},"end":{"line":196,"column":null}},"type":"cond-expr","locations":[{"start":{"line":196,"column":34},"end":{"line":196,"column":68}},{"start":{"line":196,"column":68},"end":{"line":196,"column":null}}],"line":196},"7":{"loc":{"start":{"line":197,"column":15},"end":{"line":197,"column":null}},"type":"cond-expr","locations":[{"start":{"line":197,"column":45},"end":{"line":197,"column":49}},{"start":{"line":197,"column":49},"end":{"line":197,"column":null}}],"line":197},"8":{"loc":{"start":{"line":218,"column":17},"end":{"line":218,"column":null}},"type":"cond-expr","locations":[{"start":{"line":218,"column":36},"end":{"line":218,"column":70}},{"start":{"line":218,"column":70},"end":{"line":218,"column":null}}],"line":218},"9":{"loc":{"start":{"line":219,"column":17},"end":{"line":219,"column":null}},"type":"cond-expr","locations":[{"start":{"line":219,"column":47},"end":{"line":219,"column":51}},{"start":{"line":219,"column":51},"end":{"line":219,"column":null}}],"line":219},"10":{"loc":{"start":{"line":232,"column":4},"end":{"line":232,"column":null}},"type":"if","locations":[{"start":{"line":232,"column":4},"end":{"line":232,"column":null}},{"start":{},"end":{}}],"line":232},"11":{"loc":{"start":{"line":237,"column":4},"end":{"line":240,"column":null}},"type":"if","locations":[{"start":{"line":237,"column":4},"end":{"line":240,"column":null}},{"start":{},"end":{}}],"line":237},"12":{"loc":{"start":{"line":276,"column":4},"end":{"line":278,"column":null}},"type":"if","locations":[{"start":{"line":276,"column":4},"end":{"line":278,"column":null}},{"start":{},"end":{}}],"line":276},"13":{"loc":{"start":{"line":285,"column":4},"end":{"line":287,"column":null}},"type":"if","locations":[{"start":{"line":285,"column":4},"end":{"line":287,"column":null}},{"start":{},"end":{}}],"line":285},"14":{"loc":{"start":{"line":294,"column":4},"end":{"line":296,"column":null}},"type":"if","locations":[{"start":{"line":294,"column":4},"end":{"line":296,"column":null}},{"start":{},"end":{}}],"line":294},"15":{"loc":{"start":{"line":299,"column":4},"end":{"line":302,"column":null}},"type":"if","locations":[{"start":{"line":299,"column":4},"end":{"line":302,"column":null}},{"start":{},"end":{}}],"line":299},"16":{"loc":{"start":{"line":299,"column":8},"end":{"line":299,"column":34}},"type":"binary-expr","locations":[{"start":{"line":299,"column":8},"end":{"line":299,"column":20}},{"start":{"line":299,"column":20},"end":{"line":299,"column":34}}],"line":299},"17":{"loc":{"start":{"line":313,"column":4},"end":{"line":323,"column":null}},"type":"if","locations":[{"start":{"line":313,"column":4},"end":{"line":323,"column":null}},{"start":{},"end":{}}],"line":313},"18":{"loc":{"start":{"line":313,"column":8},"end":{"line":313,"column":34}},"type":"binary-expr","locations":[{"start":{"line":313,"column":8},"end":{"line":313,"column":20}},{"start":{"line":313,"column":20},"end":{"line":313,"column":34}}],"line":313},"19":{"loc":{"start":{"line":315,"column":6},"end":{"line":322,"column":null}},"type":"if","locations":[{"start":{"line":315,"column":6},"end":{"line":322,"column":null}},{"start":{"line":319,"column":13},"end":{"line":322,"column":null}}],"line":315},"20":{"loc":{"start":{"line":330,"column":4},"end":{"line":332,"column":null}},"type":"if","locations":[{"start":{"line":330,"column":4},"end":{"line":332,"column":null}},{"start":{},"end":{}}],"line":330},"21":{"loc":{"start":{"line":339,"column":4},"end":{"line":341,"column":null}},"type":"if","locations":[{"start":{"line":339,"column":4},"end":{"line":341,"column":null}},{"start":{},"end":{}}],"line":339},"22":{"loc":{"start":{"line":348,"column":4},"end":{"line":350,"column":null}},"type":"if","locations":[{"start":{"line":348,"column":4},"end":{"line":350,"column":null}},{"start":{},"end":{}}],"line":348},"23":{"loc":{"start":{"line":357,"column":4},"end":{"line":359,"column":null}},"type":"if","locations":[{"start":{"line":357,"column":4},"end":{"line":359,"column":null}},{"start":{},"end":{}}],"line":357}},"s":{"0":1,"1":3,"2":0,"3":3,"4":3,"5":1,"6":4,"7":0,"8":4,"9":4,"10":1,"11":0,"12":0,"13":1,"14":1,"15":1,"16":0,"17":0,"18":0,"19":0,"20":0,"21":0,"22":0,"23":0,"24":0,"25":0,"26":0,"27":0,"28":0,"29":0,"30":0,"31":0,"32":0,"33":0,"34":0,"35":0,"36":0,"37":0,"38":0,"39":0,"40":0,"41":0,"42":0,"43":0,"44":0,"45":0,"46":0,"47":0,"48":0,"49":0,"50":0,"51":0,"52":0,"53":0,"54":0,"55":0,"56":0,"57":0,"58":0,"59":0,"60":0,"61":0,"62":0,"63":0,"64":1,"65":0,"66":0,"67":0,"68":0,"69":3,"70":3,"71":3,"72":0,"73":0,"74":0,"75":1,"76":1,"77":0,"78":0,"79":0,"80":0,"81":0,"82":0,"83":0,"84":0,"85":0,"86":0,"87":0,"88":0,"89":0,"90":0},"f":{"0":3,"1":4,"2":0,"3":0,"4":0,"5":0,"6":0,"7":0,"8":0,"9":0,"10":0,"11":0,"12":0,"13":3,"14":0,"15":1,"16":0,"17":0,"18":0,"19":0,"20":0},"b":{"0":[0,3],"1":[0,4],"2":[0,0],"3":[0,0],"4":[0,0],"5":[0,0],"6":[0,0],"7":[0,0],"8":[0,0],"9":[0,0],"10":[0,0],"11":[0,0],"12":[0,0],"13":[0,0],"14":[3,0],"15":[0,3],"16":[3,0],"17":[0,1],"18":[1,0],"19":[0,0],"20":[0,0],"21":[0,0],"22":[0,0],"23":[0,0]},"meta":{"lastBranch":24,"lastFunction":21,"lastStatement":91,"seen":{"s:20:14:27:Infinity":0,"f:20:14:20:29":0,"b:21:2:23:Infinity:undefined:undefined:undefined:undefined":0,"s:21:2:23:Infinity":1,"s:22:4:22:Infinity":2,"s:25:15:25:Infinity":3,"s:26:2:26:Infinity":4,"s:32:15:38:Infinity":5,"f:32:15:32:30":1,"b:33:2:35:Infinity:undefined:undefined:undefined:undefined":1,"s:33:2:35:Infinity":6,"s:34:4:34:Infinity":7,"s:36:15:36:Infinity":8,"s:37:2:37:Infinity":9,"s:61:40:61:Infinity":10,"f:77:16:77:34":2,"s:78:2:78:Infinity":11,"s:79:2:79:Infinity":12,"s:99:47:99:Infinity":13,"s:100:42:100:Infinity":14,"s:105:20:262:Infinity":15,"f:110:2:110:8":3,"s:111:4:111:Infinity":16,"f:119:2:119:6":4,"s:120:22:120:Infinity":17,"b:121:4:124:Infinity:undefined:undefined:undefined:undefined":2,"s:121:4:124:Infinity":18,"s:122:6:122:Infinity":19,"s:123:6:123:Infinity":20,"s:126:21:126:Infinity":21,"s:127:4:127:Infinity":22,"b:130:4:138:Infinity:undefined:undefined:undefined:undefined":3,"s:130:4:138:Infinity":23,"s:131:6:137:Infinity":24,"s:140:19:140:Infinity":25,"s:141:4:141:Infinity":26,"s:142:4:142:Infinity":27,"s:143:4:143:Infinity":28,"s:144:4:144:Infinity":29,"s:145:4:145:Infinity":30,"b:147:4:149:Infinity:undefined:undefined:undefined:undefined":4,"s:147:4:149:Infinity":31,"s:148:6:148:Infinity":32,"s:151:4:151:Infinity":33,"f:160:8:160:19":5,"s:161:4:161:Infinity":34,"s:162:4:166:Infinity":35,"s:163:6:163:Infinity":36,"s:165:6:165:Infinity":37,"f:175:2:175:17":6,"s:176:4:176:Infinity":38,"s:177:4:181:Infinity":39,"s:178:6:178:Infinity":40,"s:180:6:180:Infinity":41,"f:188:2:188:Infinity":7,"s:191:19:191:Infinity":42,"b:192:4:192:Infinity:undefined:undefined:undefined:undefined":5,"s:192:4:192:Infinity":43,"s:192:17:192:Infinity":44,"s:194:4:200:Infinity":45,"b:196:34:196:68:196:68:196:Infinity":6,"b:197:45:197:49:197:49:197:Infinity":7,"f:206:2:206:Infinity":8,"s:213:8:213:Infinity":46,"s:215:4:223:Infinity":47,"s:216:6:222:Infinity":48,"b:218:36:218:70:218:70:218:Infinity":8,"b:219:47:219:51:219:51:219:Infinity":9,"s:225:4:225:Infinity":49,"f:231:2:231:21":9,"b:232:4:232:Infinity:undefined:undefined:undefined:undefined":10,"s:232:4:232:Infinity":50,"s:232:18:232:Infinity":51,"s:234:20:234:Infinity":52,"s:235:20:235:Infinity":53,"b:237:4:240:Infinity:undefined:undefined:undefined:undefined":11,"s:237:4:240:Infinity":54,"s:238:6:238:Infinity":55,"s:239:6:239:Infinity":56,"s:242:4:242:Infinity":57,"s:243:4:249:Infinity":58,"s:244:6:248:Infinity":59,"s:250:4:250:Infinity":60,"f:256:2:256:23":10,"s:257:4:259:Infinity":61,"s:258:6:258:Infinity":62,"s:260:4:260:Infinity":63,"s:271:22:361:Infinity":64,"f:275:2:275:11":11,"b:276:4:278:Infinity:undefined:undefined:undefined:undefined":12,"s:276:4:278:Infinity":65,"s:277:6:277:Infinity":66,"f:284:2:284:10":12,"b:285:4:287:Infinity:undefined:undefined:undefined:undefined":13,"s:285:4:287:Infinity":67,"s:286:6:286:Infinity":68,"f:293:2:293:10":13,"b:294:4:296:Infinity:undefined:undefined:undefined:undefined":14,"s:294:4:296:Infinity":69,"s:295:6:295:Infinity":70,"b:299:4:302:Infinity:undefined:undefined:undefined:undefined":15,"s:299:4:302:Infinity":71,"b:299:8:299:20:299:20:299:34":16,"s:300:22:300:Infinity":72,"f:300:31:300:32":14,"s:300:40:300:51":73,"s:301:6:301:Infinity":74,"f:308:2:308:11":15,"s:310:4:310:Infinity":75,"b:313:4:323:Infinity:undefined:undefined:undefined:undefined":17,"s:313:4:323:Infinity":76,"b:313:8:313:20:313:20:313:34":18,"s:314:23:314:Infinity":77,"b:315:6:322:Infinity:319:13:322:Infinity":19,"s:315:6:322:Infinity":78,"s:316:8:318:Infinity":79,"s:320:24:320:Infinity":80,"f:320:33:320:34":16,"s:320:42:320:53":81,"s:321:8:321:Infinity":82,"f:329:2:329:9":17,"b:330:4:332:Infinity:undefined:undefined:undefined:undefined":20,"s:330:4:332:Infinity":83,"s:331:6:331:Infinity":84,"f:338:2:338:8":18,"b:339:4:341:Infinity:undefined:undefined:undefined:undefined":21,"s:339:4:341:Infinity":85,"s:340:6:340:Infinity":86,"f:347:2:347:19":19,"b:348:4:350:Infinity:undefined:undefined:undefined:undefined":22,"s:348:4:350:Infinity":87,"s:349:6:349:Infinity":88,"f:356:2:356:8":20,"b:357:4:359:Infinity:undefined:undefined:undefined:undefined":23,"s:357:4:359:Infinity":89,"s:358:6:358:Infinity":90}}},"C:\\Users\\DrawF\\OneDrive\\Projects\\CodingProjects\\XIVProjects\\XIVDyeTools\\src\\services\\storage-service.ts":{"path":"C:\\Users\\DrawF\\OneDrive\\Projects\\CodingProjects\\XIVProjects\\XIVDyeTools\\src\\services\\storage-service.ts","statementMap":{"0":{"start":{"line":26,"column":4},"end":{"line":33,"column":null}},"1":{"start":{"line":27,"column":19},"end":{"line":27,"column":null}},"2":{"start":{"line":28,"column":6},"end":{"line":28,"column":null}},"3":{"start":{"line":29,"column":6},"end":{"line":29,"column":null}},"4":{"start":{"line":30,"column":6},"end":{"line":30,"column":null}},"5":{"start":{"line":32,"column":6},"end":{"line":32,"column":null}},"6":{"start":{"line":40,"column":4},"end":{"line":65,"column":null}},"7":{"start":{"line":41,"column":6},"end":{"line":43,"column":null}},"8":{"start":{"line":42,"column":8},"end":{"line":42,"column":null}},"9":{"start":{"line":45,"column":19},"end":{"line":45,"column":null}},"10":{"start":{"line":47,"column":6},"end":{"line":49,"column":null}},"11":{"start":{"line":48,"column":8},"end":{"line":48,"column":null}},"12":{"start":{"line":52,"column":6},"end":{"line":59,"column":null}},"13":{"start":{"line":53,"column":8},"end":{"line":58,"column":null}},"14":{"start":{"line":54,"column":10},"end":{"line":54,"column":null}},"15":{"start":{"line":57,"column":10},"end":{"line":57,"column":null}},"16":{"start":{"line":61,"column":6},"end":{"line":61,"column":null}},"17":{"start":{"line":63,"column":6},"end":{"line":63,"column":null}},"18":{"start":{"line":64,"column":6},"end":{"line":64,"column":null}},"19":{"start":{"line":72,"column":4},"end":{"line":95,"column":null}},"20":{"start":{"line":73,"column":6},"end":{"line":76,"column":null}},"21":{"start":{"line":74,"column":8},"end":{"line":74,"column":null}},"22":{"start":{"line":75,"column":8},"end":{"line":75,"column":null}},"23":{"start":{"line":78,"column":25},"end":{"line":78,"column":null}},"24":{"start":{"line":80,"column":6},"end":{"line":80,"column":null}},"25":{"start":{"line":81,"column":6},"end":{"line":81,"column":null}},"26":{"start":{"line":83,"column":6},"end":{"line":91,"column":null}},"27":{"start":{"line":84,"column":8},"end":{"line":90,"column":null}},"28":{"start":{"line":85,"column":10},"end":{"line":89,"column":null}},"29":{"start":{"line":93,"column":6},"end":{"line":93,"column":null}},"30":{"start":{"line":94,"column":6},"end":{"line":94,"column":null}},"31":{"start":{"line":102,"column":4},"end":{"line":112,"column":null}},"32":{"start":{"line":103,"column":6},"end":{"line":105,"column":null}},"33":{"start":{"line":104,"column":8},"end":{"line":104,"column":null}},"34":{"start":{"line":107,"column":6},"end":{"line":107,"column":null}},"35":{"start":{"line":108,"column":6},"end":{"line":108,"column":null}},"36":{"start":{"line":110,"column":6},"end":{"line":110,"column":null}},"37":{"start":{"line":111,"column":6},"end":{"line":111,"column":null}},"38":{"start":{"line":119,"column":4},"end":{"line":129,"column":null}},"39":{"start":{"line":120,"column":6},"end":{"line":122,"column":null}},"40":{"start":{"line":121,"column":8},"end":{"line":121,"column":null}},"41":{"start":{"line":124,"column":6},"end":{"line":124,"column":null}},"42":{"start":{"line":125,"column":6},"end":{"line":125,"column":null}},"43":{"start":{"line":127,"column":6},"end":{"line":127,"column":null}},"44":{"start":{"line":128,"column":6},"end":{"line":128,"column":null}},"45":{"start":{"line":136,"column":4},"end":{"line":152,"column":null}},"46":{"start":{"line":137,"column":6},"end":{"line":139,"column":null}},"47":{"start":{"line":138,"column":8},"end":{"line":138,"column":null}},"48":{"start":{"line":141,"column":29},"end":{"line":141,"column":null}},"49":{"start":{"line":142,"column":6},"end":{"line":147,"column":null}},"50":{"start":{"line":142,"column":19},"end":{"line":142,"column":22}},"51":{"start":{"line":143,"column":20},"end":{"line":143,"column":null}},"52":{"start":{"line":144,"column":8},"end":{"line":146,"column":null}},"53":{"start":{"line":145,"column":10},"end":{"line":145,"column":null}},"54":{"start":{"line":148,"column":6},"end":{"line":148,"column":null}},"55":{"start":{"line":150,"column":6},"end":{"line":150,"column":null}},"56":{"start":{"line":151,"column":6},"end":{"line":151,"column":null}},"57":{"start":{"line":159,"column":38},"end":{"line":159,"column":null}},"58":{"start":{"line":161,"column":4},"end":{"line":181,"column":null}},"59":{"start":{"line":162,"column":6},"end":{"line":164,"column":null}},"60":{"start":{"line":163,"column":8},"end":{"line":163,"column":null}},"61":{"start":{"line":166,"column":6},"end":{"line":178,"column":null}},"62":{"start":{"line":166,"column":19},"end":{"line":166,"column":22}},"63":{"start":{"line":167,"column":20},"end":{"line":167,"column":null}},"64":{"start":{"line":168,"column":8},"end":{"line":177,"column":null}},"65":{"start":{"line":169,"column":24},"end":{"line":169,"column":null}},"66":{"start":{"line":170,"column":10},"end":{"line":176,"column":null}},"67":{"start":{"line":171,"column":12},"end":{"line":175,"column":null}},"68":{"start":{"line":172,"column":14},"end":{"line":172,"column":null}},"69":{"start":{"line":174,"column":14},"end":{"line":174,"column":null}},"70":{"start":{"line":180,"column":6},"end":{"line":180,"column":null}},"71":{"start":{"line":183,"column":4},"end":{"line":183,"column":null}},"72":{"start":{"line":190,"column":4},"end":{"line":198,"column":null}},"73":{"start":{"line":191,"column":6},"end":{"line":193,"column":null}},"74":{"start":{"line":192,"column":8},"end":{"line":192,"column":null}},"75":{"start":{"line":195,"column":6},"end":{"line":195,"column":null}},"76":{"start":{"line":197,"column":6},"end":{"line":197,"column":null}},"77":{"start":{"line":205,"column":15},"end":{"line":205,"column":null}},"78":{"start":{"line":207,"column":4},"end":{"line":223,"column":null}},"79":{"start":{"line":208,"column":6},"end":{"line":210,"column":null}},"80":{"start":{"line":209,"column":8},"end":{"line":209,"column":null}},"81":{"start":{"line":212,"column":6},"end":{"line":220,"column":null}},"82":{"start":{"line":212,"column":19},"end":{"line":212,"column":22}},"83":{"start":{"line":213,"column":20},"end":{"line":213,"column":null}},"84":{"start":{"line":214,"column":8},"end":{"line":219,"column":null}},"85":{"start":{"line":215,"column":24},"end":{"line":215,"column":null}},"86":{"start":{"line":216,"column":10},"end":{"line":218,"column":null}},"87":{"start":{"line":217,"column":12},"end":{"line":217,"column":null}},"88":{"start":{"line":222,"column":6},"end":{"line":222,"column":null}},"89":{"start":{"line":225,"column":4},"end":{"line":225,"column":null}},"90":{"start":{"line":232,"column":4},"end":{"line":240,"column":null}},"91":{"start":{"line":233,"column":6},"end":{"line":235,"column":null}},"92":{"start":{"line":234,"column":8},"end":{"line":234,"column":null}},"93":{"start":{"line":237,"column":6},"end":{"line":237,"column":null}},"94":{"start":{"line":239,"column":6},"end":{"line":239,"column":null}},"95":{"start":{"line":247,"column":18},"end":{"line":247,"column":null}},"96":{"start":{"line":249,"column":4},"end":{"line":263,"column":null}},"97":{"start":{"line":250,"column":6},"end":{"line":252,"column":null}},"98":{"start":{"line":251,"column":8},"end":{"line":251,"column":null}},"99":{"start":{"line":254,"column":19},"end":{"line":254,"column":null}},"100":{"start":{"line":255,"column":6},"end":{"line":260,"column":null}},"101":{"start":{"line":256,"column":8},"end":{"line":259,"column":null}},"102":{"start":{"line":257,"column":10},"end":{"line":257,"column":null}},"103":{"start":{"line":258,"column":10},"end":{"line":258,"column":null}},"104":{"start":{"line":262,"column":6},"end":{"line":262,"column":null}},"105":{"start":{"line":265,"column":4},"end":{"line":265,"column":null}},"106":{"start":{"line":272,"column":4},"end":{"line":282,"column":null}},"107":{"start":{"line":273,"column":19},"end":{"line":276,"column":null}},"108":{"start":{"line":278,"column":6},"end":{"line":278,"column":null}},"109":{"start":{"line":280,"column":6},"end":{"line":280,"column":null}},"110":{"start":{"line":281,"column":6},"end":{"line":281,"column":null}},"111":{"start":{"line":289,"column":4},"end":{"line":305,"column":null}},"112":{"start":{"line":290,"column":19},"end":{"line":290,"column":null}},"113":{"start":{"line":292,"column":6},"end":{"line":294,"column":null}},"114":{"start":{"line":293,"column":8},"end":{"line":293,"column":null}},"115":{"start":{"line":296,"column":6},"end":{"line":299,"column":null}},"116":{"start":{"line":297,"column":8},"end":{"line":297,"column":null}},"117":{"start":{"line":298,"column":8},"end":{"line":298,"column":null}},"118":{"start":{"line":301,"column":6},"end":{"line":301,"column":null}},"119":{"start":{"line":303,"column":6},"end":{"line":303,"column":null}},"120":{"start":{"line":304,"column":6},"end":{"line":304,"column":null}},"121":{"start":{"line":312,"column":4},"end":{"line":312,"column":null}},"122":{"start":{"line":324,"column":22},"end":{"line":324,"column":38}},"123":{"start":{"line":327,"column":4},"end":{"line":327,"column":null}},"124":{"start":{"line":331,"column":4},"end":{"line":331,"column":null}},"125":{"start":{"line":335,"column":4},"end":{"line":335,"column":null}},"126":{"start":{"line":339,"column":4},"end":{"line":339,"column":null}},"127":{"start":{"line":343,"column":4},"end":{"line":343,"column":null}},"128":{"start":{"line":347,"column":25},"end":{"line":347,"column":null}},"129":{"start":{"line":347,"column":64},"end":{"line":347,"column":89}},"130":{"start":{"line":349,"column":4},"end":{"line":351,"column":null}},"131":{"start":{"line":350,"column":6},"end":{"line":350,"column":null}},"132":{"start":{"line":353,"column":4},"end":{"line":353,"column":null}},"133":{"start":{"line":357,"column":4},"end":{"line":357,"column":null}},"134":{"start":{"line":361,"column":4},"end":{"line":361,"column":null}},"135":{"start":{"line":365,"column":4},"end":{"line":365,"column":null}},"136":{"start":{"line":372,"column":26},"end":{"line":372,"column":null}},"137":{"start":{"line":381,"column":23},"end":{"line":381,"column":null}},"138":{"start":{"line":396,"column":2},"end":{"line":426,"column":null}},"139":{"start":{"line":398,"column":22},"end":{"line":398,"column":null}},"140":{"start":{"line":399,"column":20},"end":{"line":399,"column":null}},"141":{"start":{"line":400,"column":20},"end":{"line":400,"column":null}},"142":{"start":{"line":401,"column":24},"end":{"line":401,"column":null}},"143":{"start":{"line":404,"column":22},"end":{"line":410,"column":null}},"144":{"start":{"line":413,"column":22},"end":{"line":413,"column":null}},"145":{"start":{"line":414,"column":22},"end":{"line":414,"column":null}},"146":{"start":{"line":415,"column":4},"end":{"line":415,"column":null}},"147":{"start":{"line":415,"column":32},"end":{"line":415,"column":63}},"148":{"start":{"line":417,"column":4},"end":{"line":417,"column":null}},"149":{"start":{"line":419,"column":15},"end":{"line":419,"column":null}},"150":{"start":{"line":420,"column":4},"end":{"line":424,"column":null}},"151":{"start":{"line":420,"column":17},"end":{"line":420,"column":20}},"152":{"start":{"line":421,"column":19},"end":{"line":421,"column":null}},"153":{"start":{"line":422,"column":6},"end":{"line":422,"column":null}},"154":{"start":{"line":423,"column":6},"end":{"line":423,"column":null}},"155":{"start":{"line":425,"column":4},"end":{"line":425,"column":null}},"156":{"start":{"line":433,"column":19},"end":{"line":433,"column":null}},"157":{"start":{"line":434,"column":2},"end":{"line":434,"column":null}},"158":{"start":{"line":445,"column":4},"end":{"line":466,"column":null}},"159":{"start":{"line":446,"column":6},"end":{"line":448,"column":null}},"160":{"start":{"line":447,"column":8},"end":{"line":447,"column":null}},"161":{"start":{"line":451,"column":6},"end":{"line":451,"column":null}},"162":{"start":{"line":453,"column":25},"end":{"line":453,"column":null}},"163":{"start":{"line":454,"column":23},"end":{"line":454,"column":null}},"164":{"start":{"line":456,"column":43},"end":{"line":460,"column":null}},"165":{"start":{"line":462,"column":6},"end":{"line":462,"column":null}},"166":{"start":{"line":464,"column":6},"end":{"line":464,"column":null}},"167":{"start":{"line":465,"column":6},"end":{"line":465,"column":null}},"168":{"start":{"line":473,"column":4},"end":{"line":496,"column":null}},"169":{"start":{"line":474,"column":20},"end":{"line":474,"column":null}},"170":{"start":{"line":476,"column":6},"end":{"line":478,"column":null}},"171":{"start":{"line":477,"column":8},"end":{"line":477,"column":null}},"172":{"start":{"line":481,"column":25},"end":{"line":481,"column":null}},"173":{"start":{"line":482,"column":22},"end":{"line":482,"column":null}},"174":{"start":{"line":484,"column":6},"end":{"line":488,"column":null}},"175":{"start":{"line":485,"column":8},"end":{"line":485,"column":null}},"176":{"start":{"line":486,"column":8},"end":{"line":486,"column":null}},"177":{"start":{"line":487,"column":8},"end":{"line":487,"column":null}},"178":{"start":{"line":490,"column":6},"end":{"line":490,"column":null}},"179":{"start":{"line":492,"column":6},"end":{"line":492,"column":null}},"180":{"start":{"line":494,"column":6},"end":{"line":494,"column":null}},"181":{"start":{"line":495,"column":6},"end":{"line":495,"column":null}},"182":{"start":{"line":503,"column":4},"end":{"line":503,"column":null}},"183":{"start":{"line":510,"column":4},"end":{"line":510,"column":null}},"184":{"start":{"line":517,"column":4},"end":{"line":555,"column":null}},"185":{"start":{"line":518,"column":26},"end":{"line":518,"column":null}},"186":{"start":{"line":520,"column":6},"end":{"line":522,"column":null}},"187":{"start":{"line":521,"column":8},"end":{"line":521,"column":null}},"188":{"start":{"line":525,"column":19},"end":{"line":525,"column":null}},"189":{"start":{"line":526,"column":79},"end":{"line":526,"column":null}},"190":{"start":{"line":528,"column":6},"end":{"line":535,"column":null}},"191":{"start":{"line":529,"column":22},"end":{"line":529,"column":null}},"192":{"start":{"line":530,"column":8},"end":{"line":534,"column":null}},"193":{"start":{"line":531,"column":24},"end":{"line":531,"column":null}},"194":{"start":{"line":532,"column":23},"end":{"line":532,"column":null}},"195":{"start":{"line":533,"column":10},"end":{"line":533,"column":null}},"196":{"start":{"line":538,"column":6},"end":{"line":538,"column":null}},"197":{"start":{"line":538,"column":29},"end":{"line":538,"column":54}},"198":{"start":{"line":541,"column":18},"end":{"line":541,"column":null}},"199":{"start":{"line":542,"column":6},"end":{"line":548,"column":null}},"200":{"start":{"line":543,"column":8},"end":{"line":545,"column":null}},"201":{"start":{"line":544,"column":10},"end":{"line":544,"column":null}},"202":{"start":{"line":546,"column":8},"end":{"line":546,"column":null}},"203":{"start":{"line":547,"column":8},"end":{"line":547,"column":null}},"204":{"start":{"line":550,"column":6},"end":{"line":552,"column":null}},"205":{"start":{"line":551,"column":8},"end":{"line":551,"column":null}},"206":{"start":{"line":554,"column":6},"end":{"line":554,"column":null}},"207":{"start":{"line":562,"column":4},"end":{"line":562,"column":null}},"208":{"start":{"line":569,"column":4},"end":{"line":569,"column":null}},"209":{"start":{"line":576,"column":18},"end":{"line":576,"column":null}},"210":{"start":{"line":577,"column":17},"end":{"line":577,"column":null}},"211":{"start":{"line":579,"column":4},"end":{"line":602,"column":null}},"212":{"start":{"line":580,"column":6},"end":{"line":601,"column":null}},"213":{"start":{"line":581,"column":22},"end":{"line":581,"column":null}},"214":{"start":{"line":582,"column":8},"end":{"line":587,"column":null}},"215":{"start":{"line":584,"column":10},"end":{"line":584,"column":null}},"216":{"start":{"line":585,"column":10},"end":{"line":585,"column":null}},"217":{"start":{"line":586,"column":10},"end":{"line":586,"column":null}},"218":{"start":{"line":590,"column":27},"end":{"line":590,"column":null}},"219":{"start":{"line":591,"column":24},"end":{"line":591,"column":null}},"220":{"start":{"line":593,"column":8},"end":{"line":596,"column":null}},"221":{"start":{"line":594,"column":10},"end":{"line":594,"column":null}},"222":{"start":{"line":595,"column":10},"end":{"line":595,"column":null}},"223":{"start":{"line":599,"column":8},"end":{"line":599,"column":null}},"224":{"start":{"line":600,"column":8},"end":{"line":600,"column":null}},"225":{"start":{"line":604,"column":4},"end":{"line":606,"column":null}},"226":{"start":{"line":605,"column":6},"end":{"line":605,"column":null}},"227":{"start":{"line":608,"column":4},"end":{"line":608,"column":null}}},"fnMap":{"0":{"name":"(anonymous_0)","decl":{"start":{"line":25,"column":9},"end":{"line":25,"column":32}},"loc":{"start":{"line":25,"column":32},"end":{"line":34,"column":null}},"line":25},"1":{"name":"(anonymous_1)","decl":{"start":{"line":39,"column":9},"end":{"line":39,"column":20}},"loc":{"start":{"line":39,"column":61},"end":{"line":66,"column":null}},"line":39},"2":{"name":"(anonymous_2)","decl":{"start":{"line":71,"column":9},"end":{"line":71,"column":20}},"loc":{"start":{"line":71,"column":52},"end":{"line":96,"column":null}},"line":71},"3":{"name":"(anonymous_3)","decl":{"start":{"line":101,"column":9},"end":{"line":101,"column":20}},"loc":{"start":{"line":101,"column":42},"end":{"line":113,"column":null}},"line":101},"4":{"name":"(anonymous_4)","decl":{"start":{"line":118,"column":9},"end":{"line":118,"column":26}},"loc":{"start":{"line":118,"column":26},"end":{"line":130,"column":null}},"line":118},"5":{"name":"(anonymous_5)","decl":{"start":{"line":135,"column":9},"end":{"line":135,"column":29}},"loc":{"start":{"line":135,"column":29},"end":{"line":153,"column":null}},"line":135},"6":{"name":"(anonymous_6)","decl":{"start":{"line":158,"column":9},"end":{"line":158,"column":39}},"loc":{"start":{"line":158,"column":74},"end":{"line":184,"column":null}},"line":158},"7":{"name":"(anonymous_7)","decl":{"start":{"line":189,"column":9},"end":{"line":189,"column":17}},"loc":{"start":{"line":189,"column":39},"end":{"line":199,"column":null}},"line":189},"8":{"name":"(anonymous_8)","decl":{"start":{"line":204,"column":9},"end":{"line":204,"column":27}},"loc":{"start":{"line":204,"column":27},"end":{"line":226,"column":null}},"line":204},"9":{"name":"(anonymous_9)","decl":{"start":{"line":231,"column":9},"end":{"line":231,"column":32}},"loc":{"start":{"line":231,"column":32},"end":{"line":241,"column":null}},"line":231},"10":{"name":"(anonymous_10)","decl":{"start":{"line":246,"column":9},"end":{"line":246,"column":24}},"loc":{"start":{"line":246,"column":48},"end":{"line":266,"column":null}},"line":246},"11":{"name":"(anonymous_11)","decl":{"start":{"line":271,"column":9},"end":{"line":271,"column":27}},"loc":{"start":{"line":271,"column":74},"end":{"line":283,"column":null}},"line":271},"12":{"name":"(anonymous_12)","decl":{"start":{"line":288,"column":9},"end":{"line":288,"column":27}},"loc":{"start":{"line":288,"column":68},"end":{"line":306,"column":null}},"line":288},"13":{"name":"(anonymous_13)","decl":{"start":{"line":311,"column":9},"end":{"line":311,"column":25}},"loc":{"start":{"line":311,"column":60},"end":{"line":313,"column":null}},"line":311},"14":{"name":"(anonymous_14)","decl":{"start":{"line":324,"column":2},"end":{"line":324,"column":22}},"loc":{"start":{"line":324,"column":38},"end":{"line":324,"column":null}},"line":324},"15":{"name":"(anonymous_15)","decl":{"start":{"line":326,"column":10},"end":{"line":326,"column":21}},"loc":{"start":{"line":326,"column":42},"end":{"line":328,"column":null}},"line":326},"16":{"name":"(anonymous_16)","decl":{"start":{"line":330,"column":2},"end":{"line":330,"column":13}},"loc":{"start":{"line":330,"column":54},"end":{"line":332,"column":null}},"line":330},"17":{"name":"(anonymous_17)","decl":{"start":{"line":334,"column":2},"end":{"line":334,"column":13}},"loc":{"start":{"line":334,"column":45},"end":{"line":336,"column":null}},"line":334},"18":{"name":"(anonymous_18)","decl":{"start":{"line":338,"column":2},"end":{"line":338,"column":13}},"loc":{"start":{"line":338,"column":35},"end":{"line":340,"column":null}},"line":338},"19":{"name":"(anonymous_19)","decl":{"start":{"line":342,"column":2},"end":{"line":342,"column":10}},"loc":{"start":{"line":342,"column":32},"end":{"line":344,"column":null}},"line":342},"20":{"name":"(anonymous_20)","decl":{"start":{"line":346,"column":2},"end":{"line":346,"column":19}},"loc":{"start":{"line":346,"column":19},"end":{"line":354,"column":null}},"line":346},"21":{"name":"(anonymous_21)","decl":{"start":{"line":347,"column":57},"end":{"line":347,"column":58}},"loc":{"start":{"line":347,"column":64},"end":{"line":347,"column":89}},"line":347},"22":{"name":"(anonymous_22)","decl":{"start":{"line":356,"column":2},"end":{"line":356,"column":43}},"loc":{"start":{"line":356,"column":43},"end":{"line":358,"column":null}},"line":356},"23":{"name":"(anonymous_23)","decl":{"start":{"line":360,"column":2},"end":{"line":360,"column":20}},"loc":{"start":{"line":360,"column":67},"end":{"line":362,"column":null}},"line":360},"24":{"name":"(anonymous_24)","decl":{"start":{"line":364,"column":2},"end":{"line":364,"column":20}},"loc":{"start":{"line":364,"column":61},"end":{"line":366,"column":null}},"line":364},"25":{"name":"generateChecksum","decl":{"start":{"line":395,"column":15},"end":{"line":395,"column":32}},"loc":{"start":{"line":395,"column":63},"end":{"line":427,"column":null}},"line":395},"26":{"name":"(anonymous_26)","decl":{"start":{"line":415,"column":25},"end":{"line":415,"column":26}},"loc":{"start":{"line":415,"column":32},"end":{"line":415,"column":63}},"line":415},"27":{"name":"verifyChecksum","decl":{"start":{"line":432,"column":15},"end":{"line":432,"column":30}},"loc":{"start":{"line":432,"column":80},"end":{"line":435,"column":null}},"line":432},"28":{"name":"(anonymous_28)","decl":{"start":{"line":444,"column":15},"end":{"line":444,"column":26}},"loc":{"start":{"line":444,"column":67},"end":{"line":467,"column":null}},"line":444},"29":{"name":"(anonymous_29)","decl":{"start":{"line":472,"column":15},"end":{"line":472,"column":26}},"loc":{"start":{"line":472,"column":76},"end":{"line":497,"column":null}},"line":472},"30":{"name":"(anonymous_30)","decl":{"start":{"line":502,"column":9},"end":{"line":502,"column":20}},"loc":{"start":{"line":502,"column":42},"end":{"line":504,"column":null}},"line":502},"31":{"name":"(anonymous_31)","decl":{"start":{"line":509,"column":9},"end":{"line":509,"column":26}},"loc":{"start":{"line":509,"column":26},"end":{"line":511,"column":null}},"line":509},"32":{"name":"(anonymous_32)","decl":{"start":{"line":516,"column":23},"end":{"line":516,"column":57}},"loc":{"start":{"line":516,"column":57},"end":{"line":556,"column":null}},"line":516},"33":{"name":"(anonymous_33)","decl":{"start":{"line":538,"column":19},"end":{"line":538,"column":20}},"loc":{"start":{"line":538,"column":29},"end":{"line":538,"column":54}},"line":538},"34":{"name":"(anonymous_34)","decl":{"start":{"line":561,"column":9},"end":{"line":561,"column":27}},"loc":{"start":{"line":561,"column":27},"end":{"line":563,"column":null}},"line":561},"35":{"name":"(anonymous_35)","decl":{"start":{"line":568,"column":9},"end":{"line":568,"column":32}},"loc":{"start":{"line":568,"column":32},"end":{"line":570,"column":null}},"line":568},"36":{"name":"(anonymous_36)","decl":{"start":{"line":575,"column":15},"end":{"line":575,"column":51}},"loc":{"start":{"line":575,"column":51},"end":{"line":609,"column":null}},"line":575}},"branchMap":{"0":{"loc":{"start":{"line":41,"column":6},"end":{"line":43,"column":null}},"type":"if","locations":[{"start":{"line":41,"column":6},"end":{"line":43,"column":null}},{"start":{},"end":{}}],"line":41},"1":{"loc":{"start":{"line":42,"column":15},"end":{"line":42,"column":null}},"type":"binary-expr","locations":[{"start":{"line":42,"column":15},"end":{"line":42,"column":31}},{"start":{"line":42,"column":31},"end":{"line":42,"column":null}}],"line":42},"2":{"loc":{"start":{"line":47,"column":6},"end":{"line":49,"column":null}},"type":"if","locations":[{"start":{"line":47,"column":6},"end":{"line":49,"column":null}},{"start":{},"end":{}}],"line":47},"3":{"loc":{"start":{"line":48,"column":15},"end":{"line":48,"column":null}},"type":"binary-expr","locations":[{"start":{"line":48,"column":15},"end":{"line":48,"column":31}},{"start":{"line":48,"column":31},"end":{"line":48,"column":null}}],"line":48},"4":{"loc":{"start":{"line":52,"column":6},"end":{"line":59,"column":null}},"type":"if","locations":[{"start":{"line":52,"column":6},"end":{"line":59,"column":null}},{"start":{},"end":{}}],"line":52},"5":{"loc":{"start":{"line":52,"column":10},"end":{"line":52,"column":56}},"type":"binary-expr","locations":[{"start":{"line":52,"column":10},"end":{"line":52,"column":34}},{"start":{"line":52,"column":34},"end":{"line":52,"column":56}}],"line":52},"6":{"loc":{"start":{"line":64,"column":13},"end":{"line":64,"column":null}},"type":"binary-expr","locations":[{"start":{"line":64,"column":13},"end":{"line":64,"column":29}},{"start":{"line":64,"column":29},"end":{"line":64,"column":null}}],"line":64},"7":{"loc":{"start":{"line":73,"column":6},"end":{"line":76,"column":null}},"type":"if","locations":[{"start":{"line":73,"column":6},"end":{"line":76,"column":null}},{"start":{},"end":{}}],"line":73},"8":{"loc":{"start":{"line":78,"column":25},"end":{"line":78,"column":null}},"type":"cond-expr","locations":[{"start":{"line":78,"column":53},"end":{"line":78,"column":61}},{"start":{"line":78,"column":61},"end":{"line":78,"column":null}}],"line":78},"9":{"loc":{"start":{"line":83,"column":6},"end":{"line":91,"column":null}},"type":"if","locations":[{"start":{"line":83,"column":6},"end":{"line":91,"column":null}},{"start":{},"end":{}}],"line":83},"10":{"loc":{"start":{"line":84,"column":8},"end":{"line":90,"column":null}},"type":"if","locations":[{"start":{"line":84,"column":8},"end":{"line":90,"column":null}},{"start":{},"end":{}}],"line":84},"11":{"loc":{"start":{"line":103,"column":6},"end":{"line":105,"column":null}},"type":"if","locations":[{"start":{"line":103,"column":6},"end":{"line":105,"column":null}},{"start":{},"end":{}}],"line":103},"12":{"loc":{"start":{"line":120,"column":6},"end":{"line":122,"column":null}},"type":"if","locations":[{"start":{"line":120,"column":6},"end":{"line":122,"column":null}},{"start":{},"end":{}}],"line":120},"13":{"loc":{"start":{"line":137,"column":6},"end":{"line":139,"column":null}},"type":"if","locations":[{"start":{"line":137,"column":6},"end":{"line":139,"column":null}},{"start":{},"end":{}}],"line":137},"14":{"loc":{"start":{"line":144,"column":8},"end":{"line":146,"column":null}},"type":"if","locations":[{"start":{"line":144,"column":8},"end":{"line":146,"column":null}},{"start":{},"end":{}}],"line":144},"15":{"loc":{"start":{"line":162,"column":6},"end":{"line":164,"column":null}},"type":"if","locations":[{"start":{"line":162,"column":6},"end":{"line":164,"column":null}},{"start":{},"end":{}}],"line":162},"16":{"loc":{"start":{"line":168,"column":8},"end":{"line":177,"column":null}},"type":"if","locations":[{"start":{"line":168,"column":8},"end":{"line":177,"column":null}},{"start":{},"end":{}}],"line":168},"17":{"loc":{"start":{"line":168,"column":12},"end":{"line":168,"column":43}},"type":"binary-expr","locations":[{"start":{"line":168,"column":12},"end":{"line":168,"column":19}},{"start":{"line":168,"column":19},"end":{"line":168,"column":43}}],"line":168},"18":{"loc":{"start":{"line":170,"column":10},"end":{"line":176,"column":null}},"type":"if","locations":[{"start":{"line":170,"column":10},"end":{"line":176,"column":null}},{"start":{},"end":{}}],"line":170},"19":{"loc":{"start":{"line":191,"column":6},"end":{"line":193,"column":null}},"type":"if","locations":[{"start":{"line":191,"column":6},"end":{"line":193,"column":null}},{"start":{},"end":{}}],"line":191},"20":{"loc":{"start":{"line":208,"column":6},"end":{"line":210,"column":null}},"type":"if","locations":[{"start":{"line":208,"column":6},"end":{"line":210,"column":null}},{"start":{},"end":{}}],"line":208},"21":{"loc":{"start":{"line":214,"column":8},"end":{"line":219,"column":null}},"type":"if","locations":[{"start":{"line":214,"column":8},"end":{"line":219,"column":null}},{"start":{},"end":{}}],"line":214},"22":{"loc":{"start":{"line":216,"column":10},"end":{"line":218,"column":null}},"type":"if","locations":[{"start":{"line":216,"column":10},"end":{"line":218,"column":null}},{"start":{},"end":{}}],"line":216},"23":{"loc":{"start":{"line":233,"column":6},"end":{"line":235,"column":null}},"type":"if","locations":[{"start":{"line":233,"column":6},"end":{"line":235,"column":null}},{"start":{},"end":{}}],"line":233},"24":{"loc":{"start":{"line":250,"column":6},"end":{"line":252,"column":null}},"type":"if","locations":[{"start":{"line":250,"column":6},"end":{"line":252,"column":null}},{"start":{},"end":{}}],"line":250},"25":{"loc":{"start":{"line":256,"column":8},"end":{"line":259,"column":null}},"type":"if","locations":[{"start":{"line":256,"column":8},"end":{"line":259,"column":null}},{"start":{},"end":{}}],"line":256},"26":{"loc":{"start":{"line":292,"column":6},"end":{"line":294,"column":null}},"type":"if","locations":[{"start":{"line":292,"column":6},"end":{"line":294,"column":null}},{"start":{},"end":{}}],"line":292},"27":{"loc":{"start":{"line":293,"column":15},"end":{"line":293,"column":null}},"type":"binary-expr","locations":[{"start":{"line":293,"column":15},"end":{"line":293,"column":31}},{"start":{"line":293,"column":31},"end":{"line":293,"column":null}}],"line":293},"28":{"loc":{"start":{"line":296,"column":6},"end":{"line":299,"column":null}},"type":"if","locations":[{"start":{"line":296,"column":6},"end":{"line":299,"column":null}},{"start":{},"end":{}}],"line":296},"29":{"loc":{"start":{"line":296,"column":10},"end":{"line":296,"column":57}},"type":"binary-expr","locations":[{"start":{"line":296,"column":10},"end":{"line":296,"column":28}},{"start":{"line":296,"column":28},"end":{"line":296,"column":57}}],"line":296},"30":{"loc":{"start":{"line":298,"column":15},"end":{"line":298,"column":null}},"type":"binary-expr","locations":[{"start":{"line":298,"column":15},"end":{"line":298,"column":31}},{"start":{"line":298,"column":31},"end":{"line":298,"column":null}}],"line":298},"31":{"loc":{"start":{"line":301,"column":13},"end":{"line":301,"column":null}},"type":"binary-expr","locations":[{"start":{"line":301,"column":13},"end":{"line":301,"column":27}},{"start":{"line":301,"column":27},"end":{"line":301,"column":43}},{"start":{"line":301,"column":43},"end":{"line":301,"column":null}}],"line":301},"32":{"loc":{"start":{"line":304,"column":13},"end":{"line":304,"column":null}},"type":"binary-expr","locations":[{"start":{"line":304,"column":13},"end":{"line":304,"column":29}},{"start":{"line":304,"column":29},"end":{"line":304,"column":null}}],"line":304},"33":{"loc":{"start":{"line":446,"column":6},"end":{"line":448,"column":null}},"type":"if","locations":[{"start":{"line":446,"column":6},"end":{"line":448,"column":null}},{"start":{},"end":{}}],"line":446},"34":{"loc":{"start":{"line":453,"column":25},"end":{"line":453,"column":null}},"type":"cond-expr","locations":[{"start":{"line":453,"column":53},"end":{"line":453,"column":61}},{"start":{"line":453,"column":61},"end":{"line":453,"column":null}}],"line":453},"35":{"loc":{"start":{"line":476,"column":6},"end":{"line":478,"column":null}},"type":"if","locations":[{"start":{"line":476,"column":6},"end":{"line":478,"column":null}},{"start":{},"end":{}}],"line":476},"36":{"loc":{"start":{"line":477,"column":15},"end":{"line":477,"column":null}},"type":"binary-expr","locations":[{"start":{"line":477,"column":15},"end":{"line":477,"column":31}},{"start":{"line":477,"column":31},"end":{"line":477,"column":null}}],"line":477},"37":{"loc":{"start":{"line":481,"column":25},"end":{"line":481,"column":null}},"type":"cond-expr","locations":[{"start":{"line":481,"column":59},"end":{"line":481,"column":81}},{"start":{"line":481,"column":81},"end":{"line":481,"column":null}}],"line":481},"38":{"loc":{"start":{"line":484,"column":6},"end":{"line":488,"column":null}},"type":"if","locations":[{"start":{"line":484,"column":6},"end":{"line":488,"column":null}},{"start":{},"end":{}}],"line":484},"39":{"loc":{"start":{"line":487,"column":15},"end":{"line":487,"column":null}},"type":"binary-expr","locations":[{"start":{"line":487,"column":15},"end":{"line":487,"column":31}},{"start":{"line":487,"column":31},"end":{"line":487,"column":null}}],"line":487},"40":{"loc":{"start":{"line":495,"column":13},"end":{"line":495,"column":null}},"type":"binary-expr","locations":[{"start":{"line":495,"column":13},"end":{"line":495,"column":29}},{"start":{"line":495,"column":29},"end":{"line":495,"column":null}}],"line":495},"41":{"loc":{"start":{"line":520,"column":6},"end":{"line":522,"column":null}},"type":"if","locations":[{"start":{"line":520,"column":6},"end":{"line":522,"column":null}},{"start":{},"end":{}}],"line":520},"42":{"loc":{"start":{"line":530,"column":8},"end":{"line":534,"column":null}},"type":"if","locations":[{"start":{"line":530,"column":8},"end":{"line":534,"column":null}},{"start":{},"end":{}}],"line":530},"43":{"loc":{"start":{"line":530,"column":12},"end":{"line":530,"column":38}},"type":"binary-expr","locations":[{"start":{"line":530,"column":12},"end":{"line":530,"column":21}},{"start":{"line":530,"column":21},"end":{"line":530,"column":38}}],"line":530},"44":{"loc":{"start":{"line":532,"column":37},"end":{"line":532,"column":null}},"type":"cond-expr","locations":[{"start":{"line":532,"column":45},"end":{"line":532,"column":76}},{"start":{"line":532,"column":76},"end":{"line":532,"column":null}}],"line":532},"45":{"loc":{"start":{"line":543,"column":8},"end":{"line":545,"column":null}},"type":"if","locations":[{"start":{"line":543,"column":8},"end":{"line":545,"column":null}},{"start":{},"end":{}}],"line":543},"46":{"loc":{"start":{"line":550,"column":6},"end":{"line":552,"column":null}},"type":"if","locations":[{"start":{"line":550,"column":6},"end":{"line":552,"column":null}},{"start":{},"end":{}}],"line":550},"47":{"loc":{"start":{"line":582,"column":8},"end":{"line":587,"column":null}},"type":"if","locations":[{"start":{"line":582,"column":8},"end":{"line":587,"column":null}},{"start":{},"end":{}}],"line":582},"48":{"loc":{"start":{"line":582,"column":12},"end":{"line":582,"column":59}},"type":"binary-expr","locations":[{"start":{"line":582,"column":12},"end":{"line":582,"column":22}},{"start":{"line":582,"column":22},"end":{"line":582,"column":41}},{"start":{"line":582,"column":41},"end":{"line":582,"column":59}}],"line":582},"49":{"loc":{"start":{"line":590,"column":27},"end":{"line":590,"column":null}},"type":"cond-expr","locations":[{"start":{"line":590,"column":61},"end":{"line":590,"column":83}},{"start":{"line":590,"column":83},"end":{"line":590,"column":null}}],"line":590},"50":{"loc":{"start":{"line":593,"column":8},"end":{"line":596,"column":null}},"type":"if","locations":[{"start":{"line":593,"column":8},"end":{"line":596,"column":null}},{"start":{},"end":{}}],"line":593},"51":{"loc":{"start":{"line":604,"column":4},"end":{"line":606,"column":null}},"type":"if","locations":[{"start":{"line":604,"column":4},"end":{"line":606,"column":null}},{"start":{},"end":{}}],"line":604}},"s":{"0":701,"1":701,"2":701,"3":701,"4":701,"5":13,"6":68,"7":68,"8":1,"9":67,"10":67,"11":4,"12":63,"13":12,"14":12,"15":2,"16":51,"17":0,"18":0,"19":270,"20":270,"21":1,"22":1,"23":269,"24":270,"25":270,"26":0,"27":0,"28":0,"29":0,"30":0,"31":8,"32":8,"33":1,"34":7,"35":7,"36":0,"37":0,"38":131,"39":131,"40":1,"41":130,"42":130,"43":0,"44":0,"45":8,"46":8,"47":1,"48":7,"49":7,"50":7,"51":158,"52":158,"53":158,"54":7,"55":0,"56":0,"57":10,"58":10,"59":10,"60":1,"61":9,"62":9,"63":58,"64":58,"65":57,"66":57,"67":57,"68":57,"69":55,"70":0,"71":9,"72":10,"73":10,"74":2,"75":8,"76":0,"77":6,"78":6,"79":6,"80":2,"81":4,"82":4,"83":2,"84":2,"85":2,"86":2,"87":2,"88":0,"89":4,"90":8,"91":8,"92":1,"93":7,"94":0,"95":4,"96":4,"97":4,"98":1,"99":3,"100":3,"101":53,"102":52,"103":52,"104":1,"105":3,"106":5,"107":5,"108":5,"109":1,"110":1,"111":10,"112":10,"113":10,"114":1,"115":8,"116":3,"117":3,"118":5,"119":1,"120":1,"121":15,"122":15,"123":25,"124":6,"125":14,"126":0,"127":1,"128":2,"129":3,"130":2,"131":2,"132":2,"133":3,"134":2,"135":2,"136":1,"137":1,"138":0,"139":0,"140":0,"141":0,"142":0,"143":0,"144":0,"145":0,"146":0,"147":0,"148":0,"149":0,"150":0,"151":0,"152":0,"153":0,"154":0,"155":0,"156":0,"157":0,"158":0,"159":0,"160":0,"161":0,"162":0,"163":0,"164":0,"165":0,"166":0,"167":0,"168":0,"169":0,"170":0,"171":0,"172":0,"173":0,"174":0,"175":0,"176":0,"177":0,"178":0,"179":0,"180":0,"181":0,"182":0,"183":0,"184":0,"185":0,"186":0,"187":0,"188":0,"189":0,"190":0,"191":0,"192":0,"193":0,"194":0,"195":0,"196":0,"197":0,"198":0,"199":0,"200":0,"201":0,"202":0,"203":0,"204":0,"205":0,"206":0,"207":0,"208":0,"209":0,"210":0,"211":0,"212":0,"213":0,"214":0,"215":0,"216":0,"217":0,"218":0,"219":0,"220":0,"221":0,"222":0,"223":0,"224":0,"225":0,"226":0,"227":0},"f":{"0":1,"1":1,"2":1,"3":1,"4":1,"5":1,"6":1,"7":1,"8":1,"9":1,"10":1,"11":1,"12":1,"13":1,"14":15,"15":25,"16":6,"17":14,"18":0,"19":1,"20":2,"21":3,"22":3,"23":2,"24":2,"25":0,"26":0,"27":0,"28":1,"29":1,"30":1,"31":1,"32":1,"33":0,"34":1,"35":1,"36":1},"b":{"0":[1,67],"1":[1,0],"2":[4,63],"3":[4,3],"4":[12,51],"5":[63,52],"6":[0,0],"7":[1,269],"8":[257,12],"9":[0,0],"10":[0,0],"11":[1,7],"12":[1,130],"13":[1,7],"14":[158,0],"15":[1,9],"16":[57,1],"17":[58,58],"18":[57,0],"19":[2,8],"20":[2,4],"21":[2,0],"22":[2,0],"23":[1,7],"24":[1,3],"25":[52,1],"26":[1,9],"27":[1,1],"28":[3,5],"29":[8,6],"30":[3,2],"31":[5,2,0],"32":[1,0],"33":[0,0],"34":[0,0],"35":[0,0],"36":[0,0],"37":[0,0],"38":[0,0],"39":[0,0],"40":[0,0],"41":[0,0],"42":[0,0],"43":[0,0],"44":[0,0],"45":[0,0],"46":[0,0],"47":[0,0],"48":[0,0,0],"49":[0,0],"50":[0,0],"51":[0,0]},"meta":{"lastBranch":52,"lastFunction":37,"lastStatement":228,"seen":{"f:25:9:25:32":0,"s:26:4:33:Infinity":0,"s:27:19:27:Infinity":1,"s:28:6:28:Infinity":2,"s:29:6:29:Infinity":3,"s:30:6:30:Infinity":4,"s:32:6:32:Infinity":5,"f:39:9:39:20":1,"s:40:4:65:Infinity":6,"b:41:6:43:Infinity:undefined:undefined:undefined:undefined":0,"s:41:6:43:Infinity":7,"s:42:8:42:Infinity":8,"b:42:15:42:31:42:31:42:Infinity":1,"s:45:19:45:Infinity":9,"b:47:6:49:Infinity:undefined:undefined:undefined:undefined":2,"s:47:6:49:Infinity":10,"s:48:8:48:Infinity":11,"b:48:15:48:31:48:31:48:Infinity":3,"b:52:6:59:Infinity:undefined:undefined:undefined:undefined":4,"s:52:6:59:Infinity":12,"b:52:10:52:34:52:34:52:56":5,"s:53:8:58:Infinity":13,"s:54:10:54:Infinity":14,"s:57:10:57:Infinity":15,"s:61:6:61:Infinity":16,"s:63:6:63:Infinity":17,"s:64:6:64:Infinity":18,"b:64:13:64:29:64:29:64:Infinity":6,"f:71:9:71:20":2,"s:72:4:95:Infinity":19,"b:73:6:76:Infinity:undefined:undefined:undefined:undefined":7,"s:73:6:76:Infinity":20,"s:74:8:74:Infinity":21,"s:75:8:75:Infinity":22,"s:78:25:78:Infinity":23,"b:78:53:78:61:78:61:78:Infinity":8,"s:80:6:80:Infinity":24,"s:81:6:81:Infinity":25,"b:83:6:91:Infinity:undefined:undefined:undefined:undefined":9,"s:83:6:91:Infinity":26,"b:84:8:90:Infinity:undefined:undefined:undefined:undefined":10,"s:84:8:90:Infinity":27,"s:85:10:89:Infinity":28,"s:93:6:93:Infinity":29,"s:94:6:94:Infinity":30,"f:101:9:101:20":3,"s:102:4:112:Infinity":31,"b:103:6:105:Infinity:undefined:undefined:undefined:undefined":11,"s:103:6:105:Infinity":32,"s:104:8:104:Infinity":33,"s:107:6:107:Infinity":34,"s:108:6:108:Infinity":35,"s:110:6:110:Infinity":36,"s:111:6:111:Infinity":37,"f:118:9:118:26":4,"s:119:4:129:Infinity":38,"b:120:6:122:Infinity:undefined:undefined:undefined:undefined":12,"s:120:6:122:Infinity":39,"s:121:8:121:Infinity":40,"s:124:6:124:Infinity":41,"s:125:6:125:Infinity":42,"s:127:6:127:Infinity":43,"s:128:6:128:Infinity":44,"f:135:9:135:29":5,"s:136:4:152:Infinity":45,"b:137:6:139:Infinity:undefined:undefined:undefined:undefined":13,"s:137:6:139:Infinity":46,"s:138:8:138:Infinity":47,"s:141:29:141:Infinity":48,"s:142:6:147:Infinity":49,"s:142:19:142:22":50,"s:143:20:143:Infinity":51,"b:144:8:146:Infinity:undefined:undefined:undefined:undefined":14,"s:144:8:146:Infinity":52,"s:145:10:145:Infinity":53,"s:148:6:148:Infinity":54,"s:150:6:150:Infinity":55,"s:151:6:151:Infinity":56,"f:158:9:158:39":6,"s:159:38:159:Infinity":57,"s:161:4:181:Infinity":58,"b:162:6:164:Infinity:undefined:undefined:undefined:undefined":15,"s:162:6:164:Infinity":59,"s:163:8:163:Infinity":60,"s:166:6:178:Infinity":61,"s:166:19:166:22":62,"s:167:20:167:Infinity":63,"b:168:8:177:Infinity:undefined:undefined:undefined:undefined":16,"s:168:8:177:Infinity":64,"b:168:12:168:19:168:19:168:43":17,"s:169:24:169:Infinity":65,"b:170:10:176:Infinity:undefined:undefined:undefined:undefined":18,"s:170:10:176:Infinity":66,"s:171:12:175:Infinity":67,"s:172:14:172:Infinity":68,"s:174:14:174:Infinity":69,"s:180:6:180:Infinity":70,"s:183:4:183:Infinity":71,"f:189:9:189:17":7,"s:190:4:198:Infinity":72,"b:191:6:193:Infinity:undefined:undefined:undefined:undefined":19,"s:191:6:193:Infinity":73,"s:192:8:192:Infinity":74,"s:195:6:195:Infinity":75,"s:197:6:197:Infinity":76,"f:204:9:204:27":8,"s:205:15:205:Infinity":77,"s:207:4:223:Infinity":78,"b:208:6:210:Infinity:undefined:undefined:undefined:undefined":20,"s:208:6:210:Infinity":79,"s:209:8:209:Infinity":80,"s:212:6:220:Infinity":81,"s:212:19:212:22":82,"s:213:20:213:Infinity":83,"b:214:8:219:Infinity:undefined:undefined:undefined:undefined":21,"s:214:8:219:Infinity":84,"s:215:24:215:Infinity":85,"b:216:10:218:Infinity:undefined:undefined:undefined:undefined":22,"s:216:10:218:Infinity":86,"s:217:12:217:Infinity":87,"s:222:6:222:Infinity":88,"s:225:4:225:Infinity":89,"f:231:9:231:32":9,"s:232:4:240:Infinity":90,"b:233:6:235:Infinity:undefined:undefined:undefined:undefined":23,"s:233:6:235:Infinity":91,"s:234:8:234:Infinity":92,"s:237:6:237:Infinity":93,"s:239:6:239:Infinity":94,"f:246:9:246:24":10,"s:247:18:247:Infinity":95,"s:249:4:263:Infinity":96,"b:250:6:252:Infinity:undefined:undefined:undefined:undefined":24,"s:250:6:252:Infinity":97,"s:251:8:251:Infinity":98,"s:254:19:254:Infinity":99,"s:255:6:260:Infinity":100,"b:256:8:259:Infinity:undefined:undefined:undefined:undefined":25,"s:256:8:259:Infinity":101,"s:257:10:257:Infinity":102,"s:258:10:258:Infinity":103,"s:262:6:262:Infinity":104,"s:265:4:265:Infinity":105,"f:271:9:271:27":11,"s:272:4:282:Infinity":106,"s:273:19:276:Infinity":107,"s:278:6:278:Infinity":108,"s:280:6:280:Infinity":109,"s:281:6:281:Infinity":110,"f:288:9:288:27":12,"s:289:4:305:Infinity":111,"s:290:19:290:Infinity":112,"b:292:6:294:Infinity:undefined:undefined:undefined:undefined":26,"s:292:6:294:Infinity":113,"s:293:8:293:Infinity":114,"b:293:15:293:31:293:31:293:Infinity":27,"b:296:6:299:Infinity:undefined:undefined:undefined:undefined":28,"s:296:6:299:Infinity":115,"b:296:10:296:28:296:28:296:57":29,"s:297:8:297:Infinity":116,"s:298:8:298:Infinity":117,"b:298:15:298:31:298:31:298:Infinity":30,"s:301:6:301:Infinity":118,"b:301:13:301:27:301:27:301:43:301:43:301:Infinity":31,"s:303:6:303:Infinity":119,"s:304:6:304:Infinity":120,"b:304:13:304:29:304:29:304:Infinity":32,"f:311:9:311:25":13,"s:312:4:312:Infinity":121,"f:324:2:324:22":14,"s:324:22:324:38":122,"f:326:10:326:21":15,"s:327:4:327:Infinity":123,"f:330:2:330:13":16,"s:331:4:331:Infinity":124,"f:334:2:334:13":17,"s:335:4:335:Infinity":125,"f:338:2:338:13":18,"s:339:4:339:Infinity":126,"f:342:2:342:10":19,"s:343:4:343:Infinity":127,"f:346:2:346:19":20,"s:347:25:347:Infinity":128,"f:347:57:347:58":21,"s:347:64:347:89":129,"s:349:4:351:Infinity":130,"s:350:6:350:Infinity":131,"s:353:4:353:Infinity":132,"f:356:2:356:43":22,"s:357:4:357:Infinity":133,"f:360:2:360:20":23,"s:361:4:361:Infinity":134,"f:364:2:364:20":24,"s:365:4:365:Infinity":135,"s:372:26:372:Infinity":136,"s:381:23:381:Infinity":137,"f:395:15:395:32":25,"s:396:2:426:Infinity":138,"s:398:22:398:Infinity":139,"s:399:20:399:Infinity":140,"s:400:20:400:Infinity":141,"s:401:24:401:Infinity":142,"s:404:22:410:Infinity":143,"s:413:22:413:Infinity":144,"s:414:22:414:Infinity":145,"s:415:4:415:Infinity":146,"f:415:25:415:26":26,"s:415:32:415:63":147,"s:417:4:417:Infinity":148,"s:419:15:419:Infinity":149,"s:420:4:424:Infinity":150,"s:420:17:420:20":151,"s:421:19:421:Infinity":152,"s:422:6:422:Infinity":153,"s:423:6:423:Infinity":154,"s:425:4:425:Infinity":155,"f:432:15:432:30":27,"s:433:19:433:Infinity":156,"s:434:2:434:Infinity":157,"f:444:15:444:26":28,"s:445:4:466:Infinity":158,"b:446:6:448:Infinity:undefined:undefined:undefined:undefined":33,"s:446:6:448:Infinity":159,"s:447:8:447:Infinity":160,"s:451:6:451:Infinity":161,"s:453:25:453:Infinity":162,"b:453:53:453:61:453:61:453:Infinity":34,"s:454:23:454:Infinity":163,"s:456:43:460:Infinity":164,"s:462:6:462:Infinity":165,"s:464:6:464:Infinity":166,"s:465:6:465:Infinity":167,"f:472:15:472:26":29,"s:473:4:496:Infinity":168,"s:474:20:474:Infinity":169,"b:476:6:478:Infinity:undefined:undefined:undefined:undefined":35,"s:476:6:478:Infinity":170,"s:477:8:477:Infinity":171,"b:477:15:477:31:477:31:477:Infinity":36,"s:481:25:481:Infinity":172,"b:481:59:481:81:481:81:481:Infinity":37,"s:482:22:482:Infinity":173,"b:484:6:488:Infinity:undefined:undefined:undefined:undefined":38,"s:484:6:488:Infinity":174,"s:485:8:485:Infinity":175,"s:486:8:486:Infinity":176,"s:487:8:487:Infinity":177,"b:487:15:487:31:487:31:487:Infinity":39,"s:490:6:490:Infinity":178,"s:492:6:492:Infinity":179,"s:494:6:494:Infinity":180,"s:495:6:495:Infinity":181,"b:495:13:495:29:495:29:495:Infinity":40,"f:502:9:502:20":30,"s:503:4:503:Infinity":182,"f:509:9:509:26":31,"s:510:4:510:Infinity":183,"f:516:23:516:57":32,"s:517:4:555:Infinity":184,"s:518:26:518:Infinity":185,"b:520:6:522:Infinity:undefined:undefined:undefined:undefined":41,"s:520:6:522:Infinity":186,"s:521:8:521:Infinity":187,"s:525:19:525:Infinity":188,"s:526:79:526:Infinity":189,"s:528:6:535:Infinity":190,"s:529:22:529:Infinity":191,"b:530:8:534:Infinity:undefined:undefined:undefined:undefined":42,"s:530:8:534:Infinity":192,"b:530:12:530:21:530:21:530:38":43,"s:531:24:531:Infinity":193,"s:532:23:532:Infinity":194,"b:532:45:532:76:532:76:532:Infinity":44,"s:533:10:533:Infinity":195,"s:538:6:538:Infinity":196,"f:538:19:538:20":33,"s:538:29:538:54":197,"s:541:18:541:Infinity":198,"s:542:6:548:Infinity":199,"b:543:8:545:Infinity:undefined:undefined:undefined:undefined":45,"s:543:8:545:Infinity":200,"s:544:10:544:Infinity":201,"s:546:8:546:Infinity":202,"s:547:8:547:Infinity":203,"b:550:6:552:Infinity:undefined:undefined:undefined:undefined":46,"s:550:6:552:Infinity":204,"s:551:8:551:Infinity":205,"s:554:6:554:Infinity":206,"f:561:9:561:27":34,"s:562:4:562:Infinity":207,"f:568:9:568:32":35,"s:569:4:569:Infinity":208,"f:575:15:575:51":36,"s:576:18:576:Infinity":209,"s:577:17:577:Infinity":210,"s:579:4:602:Infinity":211,"s:580:6:601:Infinity":212,"s:581:22:581:Infinity":213,"b:582:8:587:Infinity:undefined:undefined:undefined:undefined":47,"s:582:8:587:Infinity":214,"b:582:12:582:22:582:22:582:41:582:41:582:59":48,"s:584:10:584:Infinity":215,"s:585:10:585:Infinity":216,"s:586:10:586:Infinity":217,"s:590:27:590:Infinity":218,"b:590:61:590:83:590:83:590:Infinity":49,"s:591:24:591:Infinity":219,"b:593:8:596:Infinity:undefined:undefined:undefined:undefined":50,"s:593:8:596:Infinity":220,"s:594:10:594:Infinity":221,"s:595:10:595:Infinity":222,"s:599:8:599:Infinity":223,"s:600:8:600:Infinity":224,"b:604:4:606:Infinity:undefined:undefined:undefined:undefined":51,"s:604:4:606:Infinity":225,"s:605:6:605:Infinity":226,"s:608:4:608:Infinity":227}}}}}